[env] PROJ=csc678 WORK=/lustre/orion/csc678/scratch/graceli/rccl-frontier ROCM=6.2.4
Running "module reset". Resetting modules to system default. The following $MODULEPATH directories have been removed: None
-------------------------------------------------------------------------------
There are messages associated with the following module(s):
-------------------------------------------------------------------------------

DefApps:
   ROCm/5.x modules and HPE/Cray Programming Environment (CPE) versions <=
   23.12 were removed on July 1, 2026. For more information regarding the
   removal, please see https://docs.olcf.ornl.gov/software/software-news.html#frontier-software-changes-july-1-2026

-------------------------------------------------------------------------------


Lmod is automatically replacing "cce/18.0.1" with "amd/6.2.4".


Lmod is automatically replacing "PrgEnv-cray/8.6.0" with "PrgEnv-amd/8.6.0".


Due to MODULEPATH changes, the following have been reloaded:
  1) cray-libsci/24.11.0     2) cray-mpich/8.1.31     3) darshan-runtime/3.4.6-mpi

### model=ddp_bucket_25MiB bytes=26214400 N=256

# OSU MPI-ROCM Allreduce Latency Test v7.5
# Datatype: MPI_INT.
# Size       Avg Latency(us)   Min Latency(us)   Max Latency(us)  Iterations
26214400             5563.73           5356.37           5689.37          30
### model=resnet50_fp32 bytes=102228128 N=256

# OSU MPI-ROCM Allreduce Latency Test v7.5
# Datatype: MPI_INT.
# Size       Avg Latency(us)   Min Latency(us)   Max Latency(us)  Iterations
102228128            8863.35           8514.83           9046.14          30
### model=bert_large_fp16 bytes=680000000 N=256

# OSU MPI-ROCM Allreduce Latency Test v7.5
# Datatype: MPI_INT.
# Size       Avg Latency(us)   Min Latency(us)   Max Latency(us)  Iterations
680000000           27113.62          26122.10          27554.95          30
Running "module reset". Resetting modules to system default. The following $MODULEPATH directories have been removed: None
-------------------------------------------------------------------------------
There are messages associated with the following module(s):
-------------------------------------------------------------------------------

DefApps:
   ROCm/5.x modules and HPE/Cray Programming Environment (CPE) versions <=
   23.12 were removed on July 1, 2026. For more information regarding the
   removal, please see https://docs.olcf.ornl.gov/software/software-news.html#frontier-software-changes-july-1-2026

-------------------------------------------------------------------------------


Activating Modules:
  1) darshan-runtime/3.4.6-mpi

Due to MODULEPATH changes, the following have been reloaded:
  1) cray-libsci/24.11.0


Lmod is automatically replacing "cce/18.0.1" with "amd/6.2.4".


Lmod is automatically replacing "PrgEnv-cray/8.6.0" with "PrgEnv-amd/8.6.0".


Due to MODULEPATH changes, the following have been reloaded:
  1) cray-libsci/24.11.0     2) cray-mpich/8.1.31     3) darshan-runtime/3.4.6-mpi

### model=ddp_bucket_25MiB bytes=26214400 N=256

# OSU MPI-ROCM Allreduce Latency Test v7.5
# Datatype: MPI_INT.
# Size       Avg Latency(us)   Min Latency(us)   Max Latency(us)  Iterations
26214400             3535.17           3524.22           3548.46          30
### model=resnet50_fp32 bytes=102228128 N=256
srun: Step created for StepId=4947043.4

# OSU MPI-ROCM Allreduce Latency Test v7.5
# Datatype: MPI_INT.
# Size       Avg Latency(us)   Min Latency(us)   Max Latency(us)  Iterations
102228128           20755.10          20746.06          20814.88          30
### model=bert_large_fp16 bytes=680000000 N=256
srun: Step created for StepId=4947043.5

# OSU MPI-ROCM Allreduce Latency Test v7.5
# Datatype: MPI_INT.
# Size       Avg Latency(us)   Min Latency(us)   Max Latency(us)  Iterations
680000000           95731.35          95722.75          95784.27          30
Running "module reset". Resetting modules to system default. The following $MODULEPATH directories have been removed: None
-------------------------------------------------------------------------------
There are messages associated with the following module(s):
-------------------------------------------------------------------------------

DefApps:
   ROCm/5.x modules and HPE/Cray Programming Environment (CPE) versions <=
   23.12 were removed on July 1, 2026. For more information regarding the
   removal, please see https://docs.olcf.ornl.gov/software/software-news.html#frontier-software-changes-july-1-2026

-------------------------------------------------------------------------------


Due to MODULEPATH changes, the following have been reloaded:
  1) cray-libsci/24.11.0     2) cray-mpich/8.1.31     3) darshan-runtime/3.4.6-mpi


Lmod is automatically replacing "cce/18.0.1" with "amd/6.2.4".


Lmod is automatically replacing "PrgEnv-cray/8.6.0" with "PrgEnv-amd/8.6.0".


Due to MODULEPATH changes, the following have been reloaded:
  1) cray-libsci/24.11.0     2) cray-mpich/8.1.31     3) darshan-runtime/3.4.6-mpi

### model=ddp_bucket_25MiB bytes=26214400 N=256

# OSU MPI-ROCM Allreduce Latency Test v7.5
# Datatype: MPI_INT.
# Size       Avg Latency(us)   Min Latency(us)   Max Latency(us)  Iterations
26214400           312385.08         305519.22         318841.48          30
### model=resnet50_fp32 bytes=102228128 N=256

# OSU MPI-ROCM Allreduce Latency Test v7.5
# Datatype: MPI_INT.
# Size       Avg Latency(us)   Min Latency(us)   Max Latency(us)  Iterations
102228128         1295888.50        1268432.66        1320948.98          30
### model=bert_large_fp16 bytes=680000000 N=256

# OSU MPI-ROCM Allreduce Latency Test v7.5
# Datatype: MPI_INT.
# Size       Avg Latency(us)   Min Latency(us)   Max Latency(us)  Iterations
[2026-07-06T10:07:55.030] error: *** STEP 4947043.8 ON frontier00031 CANCELLED AT 2026-07-06T10:07:55 DUE TO TIME LIMIT ***
[2026-07-06T10:07:55.032] error: *** JOB 4947043 ON frontier00031 CANCELLED AT 2026-07-06T10:07:55 DUE TO TIME LIMIT ***
