[env] PROJ=csc678 WORK=/lustre/orion/csc678/scratch/graceli/rccl-frontier ROCM=6.2.4
Running "module reset". Resetting modules to system default. The following $MODULEPATH directories have been removed: None
-------------------------------------------------------------------------------
There are messages associated with the following module(s):
-------------------------------------------------------------------------------

DefApps:
   ROCm/5.x modules and HPE/Cray Programming Environment (CPE) versions <=
   23.12 were removed on July 1, 2026. For more information regarding the
   removal, please see https://docs.olcf.ornl.gov/software/software-news.html#frontier-software-changes-july-1-2026

-------------------------------------------------------------------------------


Lmod is automatically replacing "cce/18.0.1" with "amd/6.2.4".


Lmod is automatically replacing "PrgEnv-cray/8.6.0" with "PrgEnv-amd/8.6.0".


Due to MODULEPATH changes, the following have been reloaded:
  1) cray-libsci/24.11.0     2) cray-mpich/8.1.31     3) darshan-runtime/3.4.6-mpi

### model=ddp_bucket_25MiB bytes=26214400 N=64

# OSU MPI-ROCM Allreduce Latency Test v7.5
# Datatype: MPI_INT.
# Size       Avg Latency(us)   Min Latency(us)   Max Latency(us)  Iterations
26214400             2256.16           2090.32           2414.01          30
### model=resnet50_fp32 bytes=102228128 N=64

# OSU MPI-ROCM Allreduce Latency Test v7.5
# Datatype: MPI_INT.
# Size       Avg Latency(us)   Min Latency(us)   Max Latency(us)  Iterations
102228128            7180.79           6886.05           7630.98          30
### model=bert_large_fp16 bytes=680000000 N=64

# OSU MPI-ROCM Allreduce Latency Test v7.5
# Datatype: MPI_INT.
# Size       Avg Latency(us)   Min Latency(us)   Max Latency(us)  Iterations
680000000           24478.35          23838.00          25099.90          30
Running "module reset". Resetting modules to system default. The following $MODULEPATH directories have been removed: None
-------------------------------------------------------------------------------
There are messages associated with the following module(s):
-------------------------------------------------------------------------------

DefApps:
   ROCm/5.x modules and HPE/Cray Programming Environment (CPE) versions <=
   23.12 were removed on July 1, 2026. For more information regarding the
   removal, please see https://docs.olcf.ornl.gov/software/software-news.html#frontier-software-changes-july-1-2026

-------------------------------------------------------------------------------


Activating Modules:
  1) darshan-runtime/3.4.6-mpi

Due to MODULEPATH changes, the following have been reloaded:
  1) cray-libsci/24.11.0


Lmod is automatically replacing "cce/18.0.1" with "amd/6.2.4".


Lmod is automatically replacing "PrgEnv-cray/8.6.0" with "PrgEnv-amd/8.6.0".


Due to MODULEPATH changes, the following have been reloaded:
  1) cray-libsci/24.11.0     2) cray-mpich/8.1.31     3) darshan-runtime/3.4.6-mpi

### model=ddp_bucket_25MiB bytes=26214400 N=64

# OSU MPI-ROCM Allreduce Latency Test v7.5
# Datatype: MPI_INT.
# Size       Avg Latency(us)   Min Latency(us)   Max Latency(us)  Iterations
26214400           301639.91         295063.17         309335.92          30
### model=resnet50_fp32 bytes=102228128 N=64

# OSU MPI-ROCM Allreduce Latency Test v7.5
# Datatype: MPI_INT.
# Size       Avg Latency(us)   Min Latency(us)   Max Latency(us)  Iterations
102228128         1252506.16        1234260.06        1275631.82          30
### model=bert_large_fp16 bytes=680000000 N=64

# OSU MPI-ROCM Allreduce Latency Test v7.5
# Datatype: MPI_INT.
# Size       Avg Latency(us)   Min Latency(us)   Max Latency(us)  Iterations
[2026-07-06T09:45:47.013] error: *** STEP 4946934.5 ON frontier00032 CANCELLED AT 2026-07-06T09:45:47 DUE TO TIME LIMIT ***
[2026-07-06T09:45:47.016] error: *** JOB 4946934 ON frontier00032 CANCELLED AT 2026-07-06T09:45:47 DUE TO TIME LIMIT ***
