[env] PROJ=csc678 WORK=/lustre/orion/csc678/scratch/graceli/rccl-frontier ROCM=6.2.4
Running "module reset". Resetting modules to system default. The following $MODULEPATH directories have been removed: None
-------------------------------------------------------------------------------
There are messages associated with the following module(s):
-------------------------------------------------------------------------------

DefApps:
   ROCm/5.x modules and HPE/Cray Programming Environment (CPE) versions <=
   23.12 were removed on July 1, 2026. For more information regarding the
   removal, please see https://docs.olcf.ornl.gov/software/software-news.html#frontier-software-changes-july-1-2026

-------------------------------------------------------------------------------


Lmod is automatically replacing "cce/18.0.1" with "amd/6.2.4".


Lmod is automatically replacing "PrgEnv-cray/8.6.0" with "PrgEnv-amd/8.6.0".


Due to MODULEPATH changes, the following have been reloaded:
  1) cray-libsci/24.11.0     2) cray-mpich/8.1.31     3) darshan-runtime/3.4.6-mpi

=== A_mpich_host : N=1024 ranks=8192 ===

# OSU MPI Allreduce Latency Test v7.5
# Datatype: MPI_INT.
# Size       Avg Latency(us)   Min Latency(us)   Max Latency(us)  Iterations
4                      76.14             70.58             81.97          50
8                      76.97             71.43             83.61          50
16                     76.36             70.55             81.78          50
32                     76.11             70.07             81.68          50
64                     76.92             71.88             82.49          50
128                    80.18             74.69             88.28          50
256                   104.79             95.31            125.54          50
512                   107.00             99.26            124.86          50
1024                  108.41             99.45            129.35          50
2048                  112.23            103.04            132.84          50
4096                  117.88            107.96            141.50          50
8192                  137.77            126.31            168.28          50
16384                 182.56            156.20            327.53          50
32768                 312.46            300.01            472.94          50
65536                 345.39            329.62            567.42          50
131072                929.60            907.00           1091.00          50
262144               1574.60           1535.86           1789.49          50
524288               2853.98           2788.60           2974.50          50
1048576              3910.06           3745.97           4125.63          50
2097152              4908.62           4649.39           5162.02          50
4194304              7437.99           6978.45           7836.68          50
8388608             10872.43          10264.70          11472.25          50
16777216            14765.09          14364.57          15287.64          50
33554432            46235.40          44984.17          48168.81          50
Running "module reset". Resetting modules to system default. The following $MODULEPATH directories have been removed: None
-------------------------------------------------------------------------------
There are messages associated with the following module(s):
-------------------------------------------------------------------------------

DefApps:
   ROCm/5.x modules and HPE/Cray Programming Environment (CPE) versions <=
   23.12 were removed on July 1, 2026. For more information regarding the
   removal, please see https://docs.olcf.ornl.gov/software/software-news.html#frontier-software-changes-july-1-2026

-------------------------------------------------------------------------------


Activating Modules:
  1) darshan-runtime/3.4.6-mpi

Due to MODULEPATH changes, the following have been reloaded:
  1) cray-libsci/24.11.0


Lmod is automatically replacing "cce/18.0.1" with "amd/6.2.4".


Lmod is automatically replacing "PrgEnv-cray/8.6.0" with "PrgEnv-amd/8.6.0".


Due to MODULEPATH changes, the following have been reloaded:
  1) cray-libsci/24.11.0     2) cray-mpich/8.1.31     3) darshan-runtime/3.4.6-mpi

=== B_mpich_dev : N=1024 ranks=8192 ===

# OSU MPI-ROCM Allreduce Latency Test v7.5
# Datatype: MPI_INT.
# Size       Avg Latency(us)   Min Latency(us)   Max Latency(us)  Iterations
4                      97.84             91.08            103.43          50
8                      98.39             91.82            104.08          50
16                    103.11             94.91            109.63          50
32                    102.18             92.96            108.38          50
64                     98.24             91.89            103.83          50
128                   103.87             97.16            110.51          50
256                   127.04            120.01            141.42          50
512                   131.51            124.43            146.10          50
1024                  131.48            124.89            146.53          50
2048                  134.43            128.62            150.44          50
4096                  184.28            175.31            196.55          50
8192                  198.76            189.19            212.82          50
16384                 228.51            216.25            245.27          50
32768                 274.94            261.50            289.03          50
65536                 413.65            399.39            465.10          50
131072                593.15            579.07            642.39          50
262144               1224.17           1196.97           1290.51          50
524288               2339.98           2290.62           2402.41          50
1048576              4132.87           4031.86           4241.93          50
2097152             26952.67          26363.56          27597.80          50
4194304             55604.88          50203.71          60053.36          50
8388608            106613.22         100318.73         111483.26          50
16777216           203834.89         196425.16         210373.97          50
33554432           417955.44         405914.30         428017.33          50
Running "module reset". Resetting modules to system default. The following $MODULEPATH directories have been removed: None
-------------------------------------------------------------------------------
There are messages associated with the following module(s):
-------------------------------------------------------------------------------

DefApps:
   ROCm/5.x modules and HPE/Cray Programming Environment (CPE) versions <=
   23.12 were removed on July 1, 2026. For more information regarding the
   removal, please see https://docs.olcf.ornl.gov/software/software-news.html#frontier-software-changes-july-1-2026

-------------------------------------------------------------------------------


Activating Modules:
  1) darshan-runtime/3.4.6-mpi

Due to MODULEPATH changes, the following have been reloaded:
  1) cray-libsci/24.11.0


Lmod is automatically replacing "cce/18.0.1" with "amd/6.2.4".


Lmod is automatically replacing "PrgEnv-cray/8.6.0" with "PrgEnv-amd/8.6.0".


Due to MODULEPATH changes, the following have been reloaded:
  1) cray-libsci/24.11.0     2) cray-mpich/8.1.31     3) darshan-runtime/3.4.6-mpi

=== C_mpich_rccl : N=1024 ranks=8192 ===

# OSU MPI-ROCM Allreduce Latency Test v7.5
# Datatype: MPI_INT.
# Size       Avg Latency(us)   Min Latency(us)   Max Latency(us)  Iterations
4                     233.94            176.05            270.81          50
8                     170.93            115.08            188.38          50
16                    152.66             98.31            168.92          50
32                    150.08             95.11            166.35          50
64                    163.93            102.55            181.39          50
128                   266.29            168.83            293.86          50
256                   255.99            154.37            284.83          50
512                   261.67            155.50            290.79          50
1024                  273.03            161.27            303.91          50
2048                  301.49            178.50            334.03          50
4096                  307.80            186.06            338.57          50
8192                  303.56            185.70            365.13          50
16384                 310.56            191.50            341.12          50
32768                 329.73            309.40            351.83          50
65536                 388.20            366.87            408.38          50
131072                503.72            480.83            523.93          50
262144                720.67            699.62            742.25          50
524288                792.22            767.52            813.91          50
1048576               938.31            911.92            964.31          50
2097152              1467.09           1373.29           1495.93          50
4194304              2663.75           2546.89           2727.57          50
8388608              3314.50           3186.90           3386.53          50
16777216             4056.20           3857.68           4274.44          50
33554432             6786.83           6597.70           6933.36          50
67108864             9443.64           9145.85           9728.13          50
134217728           14759.90          14164.11          15062.16          50
268435456           18314.42          17630.27          18655.28          50
536870912           32650.52          31786.98          33038.83          50
1073741824          43949.32          42882.87          44361.14          50
Running "module reset". Resetting modules to system default. The following $MODULEPATH directories have been removed: None
-------------------------------------------------------------------------------
There are messages associated with the following module(s):
-------------------------------------------------------------------------------

DefApps:
   ROCm/5.x modules and HPE/Cray Programming Environment (CPE) versions <=
   23.12 were removed on July 1, 2026. For more information regarding the
   removal, please see https://docs.olcf.ornl.gov/software/software-news.html#frontier-software-changes-july-1-2026

-------------------------------------------------------------------------------


Activating Modules:
  1) darshan-runtime/3.4.6-mpi

Due to MODULEPATH changes, the following have been reloaded:
  1) cray-libsci/24.11.0


Lmod is automatically replacing "cce/18.0.1" with "amd/6.2.4".


Lmod is automatically replacing "PrgEnv-cray/8.6.0" with "PrgEnv-amd/8.6.0".


Due to MODULEPATH changes, the following have been reloaded:
  1) cray-libsci/24.11.0     2) cray-mpich/8.1.31     3) darshan-runtime/3.4.6-mpi

=== D_cray_gpuaware : N=1024 ranks=8192 ===

# OSU MPI-ROCM Allreduce Latency Test v7.5
# Datatype: MPI_INT.
# Size       Avg Latency(us)   Min Latency(us)   Max Latency(us)  Iterations
4                      52.31             49.23             55.64          50
8                      52.72             50.10             55.61          50
16                     52.19             49.52             55.09          50
32                     52.56             48.10             56.27          50
64                     52.81             47.90             56.80          50
128                    56.56             53.73             59.39          50
256                    92.13             89.18             95.81          50
512                    89.78             86.50             93.39          50
1024                   88.59             84.80             93.99          50
2048                   92.77             88.46             97.05          50
4096                   96.70             93.11            101.84          50
8192                  134.34            130.22            140.27          50
16384                 164.67            157.40            179.11          50
32768                 194.41            188.68            205.61          50
65536                 224.53            216.32            236.19          50
131072                481.63            475.58            495.45          50
262144                682.47            673.00            914.49          50
524288                836.64            826.80            988.80          50
1048576              2391.99           2383.10           2443.00          50
2097152              2658.65           2645.72           2732.83          50
4194304              2859.88           2823.15           2980.16          50
Memory access fault by GPU node-5 (Agent handle: 0x3737d0) on address 0x7ffb8b400000. Reason: Unknown.
Failed to allocate file: Bad file descriptor
GPU core dump failed
srun: error: frontier10168: task 8191: Aborted (core dumped)
srun: Terminating StepId=4936424.3
[2026-07-03T15:01:52.852] error: *** STEP 4936424.3 ON frontier00044 CANCELLED AT 2026-07-03T15:01:52 DUE TO TASK FAILURE ***
srun: error: frontier04951: tasks 4088-4095: Terminated
srun: error: frontier02040: tasks 1784-1791: Terminated
srun: error: frontier07515: tasks 6392-6399: Terminated
srun: error: frontier02290: tasks 1952-1959: Terminated
srun: error: frontier05861: tasks 4888-4895: Terminated
srun: error: frontier03058: tasks 2584-2591: Terminated
srun: error: frontier08370: tasks 7192-7199: Terminated
srun: error: frontier00577: tasks 448-455: Terminated
srun: error: frontier09385: tasks 7992-7999: Terminated
srun: error: frontier04088: tasks 3384-3391: Terminated
srun: error: frontier06751: tasks 5688-5695: Terminated
srun: error: frontier06886: tasks 5856-5863: Terminated
srun: error: frontier04308: tasks 3552-3559: Terminated
srun: error: frontier01490: tasks 1248-1255: Terminated
srun: error: frontier07635: tasks 6488-6495: Terminated
srun: error: frontier07836: tasks 6656-6663: Terminated
srun: error: frontier02410: tasks 2048-2055: Terminated
srun: error: frontier08490: tasks 7288-7295: Terminated
srun: error: frontier05233: tasks 4352-4359: Terminated
srun: error: frontier03434: tasks 2848-2855: Terminated
srun: error: frontier00602: tasks 544-551: Terminated
srun: error: frontier06124: tasks 5152-5159: Terminated
srun: error: frontier08745: tasks 7456-7463: Terminated
srun: error: frontier00843: tasks 712-719: Terminated
srun: error: frontier10149: tasks 8088-8095: Terminated
srun: error: frontier01594: tasks 1344-1351: Terminated
srun: error: frontier07003: tasks 5952-5959: Terminated
srun: error: frontier02546: tasks 2144-2151: Terminated
srun: error: frontier04350: tasks 3648-3655: Terminated
srun: error: frontier03295: tasks 2752-2759: Terminated
srun: error: frontier01757: tasks 1512-1519: Terminated
srun: error: frontier07879: tasks 6752-6759: Terminated
srun: error: frontier05354: tasks 4448-4455: Terminated
srun: error: frontier02745: tasks 2312-2319: Terminated
srun: error: frontier05496: tasks 4616-4623: Terminated
srun: error: frontier00049: tasks 8-15: Terminated
srun: error: frontier08836: tasks 7552-7559: Terminated
srun: error: frontier06240: tasks 5248-5255: Terminated
srun: error: frontier03792: tasks 3112-3119: Terminated
srun: error: frontier06383: tasks 5416-5423: Terminated
srun: error: frontier00962: tasks 808-815: Terminated
srun: error: frontier07132: tasks 6048-6055: Terminated
srun: error: frontier07321: tasks 6216-6223: Terminated
srun: error: frontier01900: tasks 1608-1615: Terminated
srun: error: frontier07979: tasks 6848-6855: Terminated
srun: error: frontier04723: tasks 3912-3919: Terminated
srun: error: frontier08233: tasks 7016-7023: Terminated
srun: error: frontier00075: tasks 104-111: Terminated
srun: error: frontier05607: tasks 4712-4719: Terminated
srun: error: frontier02813: tasks 2408-2415: Terminated
srun: error: frontier00327: tasks 272-279: Terminated
srun: error: frontier01090: tasks 904-911: Terminated
srun: error: frontier03839: tasks 3208-3215: Terminated
srun: error: frontier09133: tasks 7816-7823: Terminated
srun: error: frontier06492: tasks 5512-5519: Terminated
srun: error: frontier04084: tasks 3376-3383: Terminated
srun: error: frontier01250: tasks 1072-1079: Terminated
srun: error: frontier07389: tasks 6312-6319: Terminated
srun: error: frontier04844: tasks 4008-4015: Terminated
srun: error: frontier04980: tasks 4176-4183: Terminated
srun: error: frontier02173: tasks 1872-1879: Terminated
srun: error: frontier05734: tasks 4808-4815: Terminated
srun: error: frontier08489: tasks 7280-7287: Terminated
srun: error: frontier08354: tasks 7112-7119: Terminated
srun: error: frontier05971: tasks 4976-4983: Terminated
srun: error: frontier00446: tasks 368-375: Terminated
srun: error: frontier03187: tasks 2672-2679: Terminated
srun: error: frontier09257: tasks 7912-7919: Terminated
srun: error: frontier09400: tasks 8080-8087: Terminated
srun: error: frontier01378: tasks 1168-1175: Terminated
srun: error: frontier04207: tasks 3472-3479: Terminated
srun: error: frontier06870: tasks 5776-5783: Terminated
srun: error: frontier01530: tasks 1336-1343: Terminated
srun: error: frontier02299: tasks 1968-1975: Terminated
srun: error: frontier05112: tasks 4272-4279: Terminated
srun: error: frontier07760: tasks 6576-6583: Terminated
srun: error: frontier02543: tasks 2136-2143: Terminated
srun: error: frontier05998: tasks 5072-5079: Terminated
srun: error: frontier08617: tasks 7376-7383: Terminated
srun: error: frontier03308: tasks 2768-2775: Terminated
srun: error: frontier03532: tasks 2936-2943: Terminated
srun: error: frontier10166: tasks 8176-8183: Terminated
srun: error: frontier04334: tasks 3568-3575: Terminated
srun: error: frontier00728: tasks 632-639: Terminated
srun: error: frontier01647: tasks 1432-1439: Terminated
srun: error: frontier04474: tasks 3736-3743: Terminated
srun: error: frontier07131: tasks 6040-6047: Terminated
srun: error: frontier02656: tasks 2232-2239: Terminated
srun: error: frontier07864: tasks 6672-6679: Terminated
srun: error: frontier07976: tasks 6840-6847: Terminated
srun: error: frontier05441: tasks 4536-4543: Terminated
srun: error: frontier08747: tasks 7472-7479: Terminated
srun: error: frontier00074: tasks 96-103: Terminated
srun: error: frontier03580: tasks 3032-3039: Terminated
srun: error: frontier00848: tasks 728-735: Terminated
srun: error: frontier06366: tasks 5336-5343: Terminated
srun: error: frontier08887: tasks 7640-7647: Terminated
srun: error: frontier01088: tasks 896-903: Terminated
srun: error: frontier04604: tasks 3832-3839: Terminated
srun: error: frontier07245: tasks 6136-6143: Terminated
srun: error: frontier02012: tasks 1696-1703: Terminated
srun: error: frontier01775: tasks 1528-1535: Terminated
srun: error: frontier06938: tasks 5872-5879: Terminated
srun: error: frontier05500: tasks 4632-4639: Terminated
srun: error: frontier02762: tasks 2328-2335: Terminated
srun: error: frontier08103: tasks 6936-6943: Terminated
srun: error: frontier05733: tasks 4800-4807: Terminated
srun: error: frontier09006: tasks 7736-7743: Terminated
srun: error: frontier06480: tasks 5432-5439: Terminated
srun: error: frontier00201: tasks 192-199: Terminated
srun: error: frontier02932: tasks 2496-2503: Terminated
srun: error: frontier06624: tasks 5600-5607: Terminated
srun: error: frontier01118: tasks 992-999: Terminated
srun: error: frontier03957: tasks 3296-3303: Terminated
srun: error: frontier07334: tasks 6232-6239: Terminated
srun: error: frontier02106: tasks 1792-1799: Terminated
srun: error: frontier07516: tasks 6400-6407: Terminated
srun: error: frontier04954: tasks 4096-4103: Terminated
srun: error: frontier00336: tasks 288-295: Terminated
srun: error: frontier08371: tasks 7200-7207: Terminated
srun: error: frontier05862: tasks 4896-4903: Terminated
srun: error: frontier03065: tasks 2592-2599: Terminated
srun: error: frontier03298: tasks 2760-2767: Terminated
srun: error: frontier04089: tasks 3392-3399: Terminated
srun: error: frontier06752: tasks 5696-5703: Terminated
srun: error: frontier09386: tasks 8000-8007: Terminated
srun: error: frontier04333: tasks 3560-3567: Terminated
srun: error: frontier00578: tasks 456-463: Terminated
srun: error: frontier01492: tasks 1256-1263: Terminated
srun: error: frontier07636: tasks 6496-6503: Terminated
srun: error: frontier05057: tasks 4192-4199: Terminated
srun: error: frontier05234: tasks 4360-4367: Terminated
srun: error: frontier02418: tasks 2056-2063: Terminated
srun: error: frontier08491: tasks 7296-7303: Terminated
srun: error: frontier05977: tasks 4992-4999: Terminated
srun: error: frontier03439: tasks 2856-2863: Terminated
srun: error: frontier08746: tasks 7464-7471: Terminated
srun: error: frontier06125: tasks 5160-5167: Terminated
srun: error: frontier10150: tasks 8096-8103: Terminated
srun: error: frontier07004: tasks 5960-5967: Terminated
srun: error: frontier01597: tasks 1352-1359: Terminated
srun: error: frontier04351: tasks 3656-3663: Terminated
srun: error: frontier01764: tasks 1520-1527: Terminated
srun: error: frontier05355: tasks 4456-4463: Terminated
srun: error: frontier07880: tasks 6760-6767: Terminated
srun: error: frontier02547: tasks 2152-2159: Terminated
srun: error: frontier00050: tasks 16-23: Terminated
srun: error: frontier02761: tasks 2320-2327: Terminated
srun: error: frontier03545: tasks 2952-2959: Terminated
srun: error: frontier06247: tasks 5256-5263: Terminated
srun: error: frontier08868: tasks 7560-7567: Terminated
srun: error: frontier00963: tasks 816-823: Terminated
srun: error: frontier07133: tasks 6056-6063: Terminated
srun: error: frontier04478: tasks 3752-3759: Terminated
srun: error: frontier03795: tasks 3120-3127: Terminated
srun: error: frontier07326: tasks 6224-6231: Terminated
srun: error: frontier01901: tasks 1616-1623: Terminated
srun: error: frontier04725: tasks 3920-3927: Terminated
srun: error: frontier07981: tasks 6856-6863: Terminated
srun: error: frontier00609: tasks 552-559: Terminated
srun: error: frontier08234: tasks 7024-7031: Terminated
srun: error: frontier00176: tasks 112-119: Terminated
srun: error: frontier05608: tasks 4720-4727: Terminated
srun: error: frontier02814: tasks 2416-2423: Terminated
srun: error: frontier00333: tasks 280-287: Terminated
srun: error: frontier08890: tasks 7656-7663: Terminated
srun: error: frontier09134: tasks 7824-7831: Terminated
srun: error: frontier03914: tasks 3216-3223: Terminated
srun: error: frontier06494: tasks 5520-5527: Terminated
srun: error: frontier01256: tasks 1080-1087: Terminated
srun: error: frontier01091: tasks 912-919: Terminated
srun: error: frontier04845: tasks 4016-4023: Terminated
srun: error: frontier02176: tasks 1880-1887: Terminated
srun: error: frontier07453: tasks 6320-6327: Terminated
srun: error: frontier02025: tasks 1712-1719: Terminated
srun: error: frontier04983: tasks 4184-4191: Terminated
srun: error: frontier05735: tasks 4816-4823: Terminated
srun: error: frontier08355: tasks 7120-7127: Terminated
srun: error: frontier05976: tasks 4984-4991: Terminated
srun: error: frontier03188: tasks 2680-2687: Terminated
srun: error: frontier09258: tasks 7920-7927: Terminated
srun: error: frontier00450: tasks 376-383: Terminated
srun: error: frontier06626: tasks 5616-5623: Terminated
srun: error: frontier06873: tasks 5784-5791: Terminated
srun: error: frontier01379: tasks 1176-1183: Terminated
srun: error: frontier04213: tasks 3480-3487: Terminated
srun: error: frontier07520: tasks 6416-6423: Terminated
srun: error: frontier05113: tasks 4280-4287: Terminated
srun: error: frontier02301: tasks 1976-1983: Terminated
srun: error: frontier03310: tasks 2776-2783: Terminated
srun: error: frontier08618: tasks 7384-7391: Terminated
srun: error: frontier05999: tasks 5080-5087: Terminated
srun: error: frontier00580: tasks 472-479: Terminated
srun: error: frontier03544: tasks 2944-2951: Terminated
srun: error: frontier10168: tasks 8184-8190: Terminated
srun: error: frontier06940: tasks 5880-5887: Terminated
srun: error: frontier00729: tasks 640-647: Terminated
srun: error: frontier04338: tasks 3576-3583: Terminated
srun: error: frontier07866: tasks 6680-6687: Terminated
srun: error: frontier04475: tasks 3744-3751: Terminated
srun: error: frontier01648: tasks 1440-1447: Terminated
srun: error: frontier05237: tasks 4376-4383: Terminated
srun: error: frontier02658: tasks 2240-2247: Terminated
srun: error: frontier05468: tasks 4544-4551: Terminated
srun: error: frontier06130: tasks 5176-5183: Terminated
srun: error: frontier08748: tasks 7480-7487: Terminated
srun: error: frontier08889: tasks 7648-7655: Terminated
srun: error: frontier06367: tasks 5344-5351: Terminated
srun: error: frontier00849: tasks 736-743: Terminated
srun: error: frontier03679: tasks 3040-3047: Terminated
srun: error: frontier07761: tasks 6584-6591: Terminated
srun: error: frontier01776: tasks 1536-1543: Terminated
srun: error: frontier04605: tasks 3840-3847: Terminated
srun: error: frontier02014: tasks 1704-1711: Terminated
srun: error: frontier05583: tasks 4640-4647: Terminated
srun: error: frontier08104: tasks 6944-6951: Terminated
srun: error: frontier02784: tasks 2336-2343: Terminated
srun: error: frontier00203: tasks 200-207: Terminated
srun: error: frontier06481: tasks 5440-5447: Terminated
srun: error: frontier03811: tasks 3136-3143: Terminated
srun: error: frontier09007: tasks 7744-7751: Terminated
srun: error: frontier02933: tasks 2504-2511: Terminated
srun: error: frontier03959: tasks 3304-3311: Terminated
srun: error: frontier06625: tasks 5608-5615: Terminated
srun: error: frontier01122: tasks 1000-1007: Terminated
srun: error: frontier07366: tasks 6240-6247: Terminated
srun: error: frontier04961: tasks 4104-4111: Terminated
srun: error: frontier07519: tasks 6408-6415: Terminated
srun: error: frontier02112: tasks 1800-1807: Terminated
srun: error: frontier08237: tasks 7040-7047: Terminated
srun: error: frontier07246: tasks 6144-6151: Terminated
srun: error: frontier00342: tasks 296-303: Terminated
srun: error: frontier03067: tasks 2600-2607: Terminated
srun: error: frontier08372: tasks 7208-7215: Terminated
srun: error: frontier05864: tasks 4904-4911: Terminated
srun: error: frontier00579: tasks 464-471: Terminated
srun: error: frontier09387: tasks 8008-8015: Terminated
srun: error: frontier01259: tasks 1096-1103: Terminated
srun: error: frontier06754: tasks 5704-5711: Terminated
srun: error: frontier09136: tasks 7840-7847: Terminated
srun: error: frontier04090: tasks 3400-3407: Terminated
srun: error: frontier01501: tasks 1264-1271: Terminated
srun: error: frontier02244: tasks 1896-1903: Terminated
srun: error: frontier07637: tasks 6504-6511: Terminated
srun: error: frontier05077: tasks 4200-4207: Terminated
srun: error: frontier02419: tasks 2064-2071: Terminated
srun: error: frontier05235: tasks 4368-4375: Terminated
srun: error: frontier05978: tasks 5000-5007: Terminated
srun: error: frontier08494: tasks 7304-7311: Terminated
srun: error: frontier03441: tasks 2864-2871: Terminated
srun: error: frontier00702: tasks 560-567: Terminated
srun: error: frontier06129: tasks 5168-5175: Terminated
srun: error: frontier06876: tasks 5800-5807: Terminated
srun: error: frontier10152: tasks 8104-8111: Terminated
srun: error: frontier04363: tasks 3664-3671: Terminated
srun: error: frontier07006: tasks 5968-5975: Terminated
srun: error: frontier01615: tasks 1360-1367: Terminated
srun: error: frontier05356: tasks 4464-4471: Terminated
srun: error: frontier02548: tasks 2160-2167: Terminated
srun: error: frontier07966: tasks 6768-6775: Terminated
srun: error: frontier07763: tasks 6600-6607: Terminated
srun: error: frontier00054: tasks 24-31: Terminated
srun: error: frontier06250: tasks 5264-5271: Terminated
srun: error: frontier03553: tasks 2960-2967: Terminated
srun: error: frontier00733: tasks 656-663: Terminated
srun: error: frontier08871: tasks 7568-7575: Terminated
srun: error: frontier00964: tasks 824-831: Terminated
srun: error: frontier03807: tasks 3128-3135: Terminated
srun: error: frontier07135: tasks 6064-6071: Terminated
srun: error: frontier04566: tasks 3760-3767: Terminated
srun: error: frontier01902: tasks 1624-1631: Terminated
srun: error: frontier05484: tasks 4560-4567: Terminated
srun: error: frontier07982: tasks 6864-6871: Terminated
srun: error: frontier00177: tasks 120-127: Terminated
srun: error: frontier02874: tasks 2424-2431: Terminated
srun: error: frontier05609: tasks 4728-4735: Terminated
srun: error: frontier08236: tasks 7032-7039: Terminated
srun: error: frontier08963: tasks 7664-7671: Terminated
srun: error: frontier09135: tasks 7832-7839: Terminated
srun: error: frontier06495: tasks 5528-5535: Terminated
srun: error: frontier03915: tasks 3224-3231: Terminated
srun: error: frontier01096: tasks 920-927: Terminated
srun: error: frontier01257: tasks 1088-1095: Terminated
srun: error: frontier07503: tasks 6328-6335: Terminated
srun: error: frontier02026: tasks 1720-1727: Terminated
srun: error: frontier04849: tasks 4024-4031: Terminated
srun: error: frontier02227: tasks 1888-1895: Terminated
srun: error: frontier05736: tasks 4824-4831: Terminated
srun: error: frontier08356: tasks 7128-7135: Terminated
srun: error: frontier00453: tasks 384-391: Terminated
srun: error: frontier03189: tasks 2688-2695: Terminated
srun: error: frontier04726: tasks 3928-3935: Terminated
srun: error: frontier09259: tasks 7928-7935: Terminated
srun: error: frontier02938: tasks 2520-2527: Terminated
srun: error: frontier03961: tasks 3320-3327: Terminated
srun: error: frontier06628: tasks 5624-5631: Terminated
srun: error: frontier01383: tasks 1184-1191: Terminated
srun: error: frontier04215: tasks 3488-3495: Terminated
srun: error: frontier07521: tasks 6424-6431: Terminated
srun: error: frontier06875: tasks 5792-5799: Terminated
srun: error: frontier05116: tasks 4288-4295: Terminated
srun: error: frontier02302: tasks 1984-1991: Terminated
srun: error: frontier07762: tasks 6592-6599: Terminated
srun: error: frontier08619: tasks 7392-7399: Terminated
srun: error: frontier06078: tasks 5088-5095: Terminated
srun: error: frontier08480: tasks 7224-7231: Terminated
srun: error: frontier00581: tasks 480-487: Terminated
srun: error: frontier03312: tasks 2784-2791: Terminated
srun: error: frontier00731: tasks 648-655: Terminated
srun: error: frontier01510: tasks 1280-1287: Terminated
srun: error: frontier04340: tasks 3584-3591: Terminated
srun: error: frontier01651: tasks 1448-1455: Terminated
srun: error: frontier07867: tasks 6688-6695: Terminated
srun: error: frontier05242: tasks 4384-4391: Terminated
srun: error: frontier02424: tasks 2080-2087: Terminated
srun: error: frontier05478: tasks 4552-4559: Terminated
srun: error: frontier02670: tasks 2248-2255: Terminated
srun: error: frontier06131: tasks 5184-5191: Terminated
srun: error: frontier08751: tasks 7488-7495: Terminated
srun: error: frontier06368: tasks 5352-5359: Terminated
srun: error: frontier00850: tasks 744-751: Terminated
srun: error: frontier07070: tasks 5984-5991: Terminated
srun: error: frontier07247: tasks 6152-6159: Terminated
srun: error: frontier04606: tasks 3848-3855: Terminated
srun: error: frontier01777: tasks 1544-1551: Terminated
srun: error: frontier08105: tasks 6952-6959: Terminated
srun: error: frontier00060: tasks 40-47: Terminated
srun: error: frontier05589: tasks 4648-4655: Terminated
srun: error: frontier06942: tasks 5888-5895: Terminated
srun: error: frontier02785: tasks 2344-2351: Terminated
srun: error: frontier02934: tasks 2512-2519: Terminated
srun: error: frontier00205: tasks 208-215: Terminated
srun: error: frontier03814: tasks 3144-3151: Terminated
srun: error: frontier09008: tasks 7752-7759: Terminated
srun: error: frontier03960: tasks 3312-3319: Terminated
srun: error: frontier01213: tasks 1008-1015: Terminated
srun: error: frontier06482: tasks 5448-5455: Terminated
srun: error: frontier04729: tasks 3944-3951: Terminated
srun: error: frontier07377: tasks 6248-6255: Terminated
srun: error: frontier04969: tasks 4112-4119: Terminated
srun: error: frontier02161: tasks 1808-1815: Terminated
srun: error: frontier08238: tasks 7048-7055: Terminated
srun: error: frontier03700: tasks 3048-3055: Terminated
srun: error: frontier00343: tasks 304-311: Terminated
srun: error: frontier05612: tasks 4744-4751: Terminated
srun: error: frontier03130: tasks 2608-2615: Terminated
srun: error: frontier05865: tasks 4912-4919: Terminated
srun: error: frontier08479: tasks 7216-7223: Terminated
srun: error: frontier09137: tasks 7848-7855: Terminated
srun: error: frontier06755: tasks 5712-5719: Terminated
srun: error: frontier01266: tasks 1104-1111: Terminated
srun: error: frontier04091: tasks 3408-3415: Terminated
srun: error: frontier09388: tasks 8016-8023: Terminated
srun: error: frontier01504: tasks 1272-1279: Terminated
srun: error: frontier07638: tasks 6512-6519: Terminated
srun: error: frontier05100: tasks 4208-4215: Terminated
srun: error: frontier02272: tasks 1904-1911: Terminated
srun: error: frontier02420: tasks 2072-2079: Terminated
srun: error: frontier05979: tasks 5008-5015: Terminated
srun: error: frontier03194: tasks 2704-2711: Terminated
srun: error: frontier08495: tasks 7312-7319: Terminated
srun: error: frontier00703: tasks 568-575: Terminated
srun: error: frontier03444: tasks 2872-2879: Terminated
srun: error: frontier04217: tasks 3504-3511: Terminated
srun: error: frontier10153: tasks 8112-8119: Terminated
srun: error: frontier06878: tasks 5808-5815: Terminated
srun: error: frontier07009: tasks 5976-5983: Terminated
srun: error: frontier04448: tasks 3672-3679: Terminated
srun: error: frontier01617: tasks 1368-1375: Terminated
srun: error: frontier07765: tasks 6608-6615: Terminated
srun: error: frontier07967: tasks 6776-6783: Terminated
srun: error: frontier05357: tasks 4472-4479: Terminated
srun: error: frontier02550: tasks 2168-2175: Terminated
srun: error: frontier00056: tasks 32-39: Terminated
srun: error: frontier08622: tasks 7408-7415: Terminated
srun: error: frontier06251: tasks 5272-5279: Terminated
srun: error: frontier00734: tasks 664-671: Terminated
srun: error: frontier08872: tasks 7576-7583: Terminated
srun: error: frontier00965: tasks 832-839: Terminated
srun: error: frontier03564: tasks 2968-2975: Terminated
srun: error: frontier04567: tasks 3768-3775: Terminated
srun: error: frontier07136: tasks 6072-6079: Terminated
srun: error: frontier01905: tasks 1632-1639: Terminated
srun: error: frontier04727: tasks 3936-3943: Terminated
srun: error: frontier01743: tasks 1464-1471: Terminated
srun: error: frontier07983: tasks 6872-6879: Terminated
srun: error: frontier05486: tasks 4568-4575: Terminated
srun: error: frontier02884: tasks 2432-2439: Terminated
srun: error: frontier00183: tasks 128-135: Terminated
srun: error: frontier08995: tasks 7672-7679: Terminated
srun: error: frontier05610: tasks 4736-4743: Terminated
srun: error: frontier06372: tasks 5368-5375: Terminated
srun: error: frontier01097: tasks 928-935: Terminated
srun: error: frontier06610: tasks 5536-5543: Terminated
srun: error: frontier03932: tasks 3232-3239: Terminated
srun: error: frontier07250: tasks 6168-6175: Terminated
srun: error: frontier04850: tasks 4032-4039: Terminated
srun: error: frontier07504: tasks 6336-6343: Terminated
srun: error: frontier02027: tasks 1728-1735: Terminated
srun: error: frontier08361: tasks 7136-7143: Terminated
srun: error: frontier00315: tasks 224-231: Terminated
srun: error: frontier02939: tasks 2528-2535: Terminated
srun: error: frontier05737: tasks 4832-4839: Terminated
srun: error: frontier03192: tasks 2696-2703: Terminated
srun: error: frontier00456: tasks 392-399: Terminated
srun: error: frontier04065: tasks 3328-3335: Terminated
srun: error: frontier06629: tasks 5632-5639: Terminated
srun: error: frontier09260: tasks 7936-7943: Terminated
srun: error: frontier01384: tasks 1192-1199: Terminated
srun: error: frontier04216: tasks 3496-3503: Terminated
srun: error: frontier04971: tasks 4128-4135: Terminated
srun: error: frontier05118: tasks 4296-4303: Terminated
srun: error: frontier08481: tasks 7232-7239: Terminated
srun: error: frontier02304: tasks 1992-1999: Terminated
srun: error: frontier08621: tasks 7400-7407: Terminated
srun: error: frontier00582: tasks 488-495: Terminated
srun: error: frontier03313: tasks 2792-2799: Terminated
srun: error: frontier09390: tasks 8032-8039: Terminated
srun: error: frontier06085: tasks 5096-5103: Terminated
srun: error: frontier06994: tasks 5896-5903: Terminated
srun: error: frontier01512: tasks 1288-1295: Terminated
srun: error: frontier04341: tasks 3592-3599: Terminated
srun: error: frontier01728: tasks 1456-1463: Terminated
srun: error: frontier07869: tasks 6696-6703: Terminated
srun: error: frontier05243: tasks 4392-4399: Terminated
srun: error: frontier02425: tasks 2088-2095: Terminated
srun: error: frontier02671: tasks 2256-2263: Terminated
srun: error: frontier07582: tasks 6432-6439: Terminated
srun: error: frontier03451: tasks 2888-2895: Terminated
srun: error: frontier06132: tasks 5192-5199: Terminated
srun: error: frontier08752: tasks 7496-7503: Terminated
srun: error: frontier03701: tasks 3056-3063: Terminated
srun: error: frontier06369: tasks 5360-5367: Terminated
srun: error: frontier07121: tasks 5992-5999: Terminated
srun: error: frontier04685: tasks 3856-3863: Terminated
srun: error: frontier01778: tasks 1552-1559: Terminated
srun: error: frontier07248: tasks 6160-6167: Terminated
srun: error: frontier07969: tasks 6792-6799: Terminated
srun: error: frontier08107: tasks 6960-6967: Terminated
srun: error: frontier05593: tasks 4656-4663: Terminated
srun: error: frontier00061: tasks 48-55: Terminated
srun: error: frontier00206: tasks 216-223: Terminated
srun: error: frontier08874: tasks 7592-7599: Terminated
srun: error: frontier09010: tasks 7760-7767: Terminated
srun: error: frontier03828: tasks 3152-3159: Terminated
srun: error: frontier06483: tasks 5456-5463: Terminated
srun: error: frontier00970: tasks 848-855: Terminated
srun: error: frontier01214: tasks 1016-1023: Terminated
srun: error: frontier07378: tasks 6256-6263: Terminated
srun: error: frontier01907: tasks 1648-1655: Terminated
srun: error: frontier04731: tasks 3952-3959: Terminated
srun: error: frontier04970: tasks 4120-4127: Terminated
srun: error: frontier00851: tasks 752-759: Terminated
srun: error: frontier02162: tasks 1816-1823: Terminated
srun: error: frontier03145: tasks 2616-2623: Terminated
srun: error: frontier05704: tasks 4752-4759: Terminated
srun: error: frontier00346: tasks 312-319: Terminated
srun: error: frontier06613: tasks 5552-5559: Terminated
srun: error: frontier09138: tasks 7856-7863: Terminated
srun: error: frontier06756: tasks 5720-5727: Terminated
srun: error: frontier09389: tasks 8024-8031: Terminated
srun: error: frontier04092: tasks 3416-3423: Terminated
srun: error: frontier01267: tasks 1112-1119: Terminated
srun: error: frontier02796: tasks 2352-2359: Terminated
srun: error: frontier02284: tasks 1912-1919: Terminated
srun: error: frontier07639: tasks 6520-6527: Terminated
srun: error: frontier05101: tasks 4216-4223: Terminated
srun: error: frontier00460: tasks 408-415: Terminated
srun: error: frontier08496: tasks 7320-7327: Terminated
srun: error: frontier03198: tasks 2712-2719: Terminated
srun: error: frontier05986: tasks 5016-5023: Terminated
srun: error: frontier00707: tasks 576-583: Terminated
srun: error: frontier03446: tasks 2880-2887: Terminated
srun: error: frontier06880: tasks 5816-5823: Terminated
srun: error: frontier10157: tasks 8120-8127: Terminated
srun: error: frontier04218: tasks 3512-3519: Terminated
srun: error: frontier08239: tasks 7056-7063: Terminated
srun: error: frontier04450: tasks 3680-3687: Terminated
srun: error: frontier05868: tasks 4920-4927: Terminated
srun: error: frontier01618: tasks 1376-1383: Terminated
srun: error: frontier07766: tasks 6616-6623: Terminated
srun: error: frontier05211: tasks 4312-4319: Terminated
srun: error: frontier07968: tasks 6784-6791: Terminated
srun: error: frontier05358: tasks 4480-4487: Terminated
srun: error: frontier02556: tasks 2176-2183: Terminated
srun: error: frontier08623: tasks 7416-7423: Terminated
srun: error: frontier06252: tasks 5280-5287: Terminated
srun: error: frontier08873: tasks 7584-7591: Terminated
srun: error: frontier00829: tasks 672-679: Terminated
srun: error: frontier03565: tasks 2976-2983: Terminated
srun: error: frontier00967: tasks 840-847: Terminated
srun: error: frontier04574: tasks 3776-3783: Terminated
srun: error: frontier01747: tasks 1472-1479: Terminated
srun: error: frontier07137: tasks 6080-6087: Terminated
srun: error: frontier01906: tasks 1640-1647: Terminated
srun: error: frontier02678: tasks 2272-2279: Terminated
srun: error: frontier05487: tasks 4576-4583: Terminated
srun: error: frontier08095: tasks 6880-6887: Terminated
srun: error: frontier02886: tasks 2440-2447: Terminated
srun: error: frontier00184: tasks 136-143: Terminated
srun: error: frontier06375: tasks 5376-5383: Terminated
srun: error: frontier08996: tasks 7680-7687: Terminated
srun: error: frontier03704: tasks 3072-3079: Terminated
srun: error: frontier03934: tasks 3240-3247: Terminated
srun: error: frontier01098: tasks 936-943: Terminated
srun: error: frontier07251: tasks 6176-6183: Terminated
srun: error: frontier06612: tasks 5544-5551: Terminated
srun: error: frontier04851: tasks 4040-4047: Terminated
srun: error: frontier07506: tasks 6344-6351: Terminated
srun: error: frontier02030: tasks 1736-1743: Terminated
srun: error: frontier08111: tasks 6976-6983: Terminated
srun: error: frontier08362: tasks 7144-7151: Terminated
srun: error: frontier05738: tasks 4840-4847: Terminated
srun: error: frontier00317: tasks 232-239: Terminated
srun: error: frontier03022: tasks 2536-2543: Terminated
srun: error: frontier00457: tasks 400-407: Terminated
srun: error: frontier06630: tasks 5640-5647: Terminated
srun: error: frontier04068: tasks 3336-3343: Terminated
srun: error: frontier01221: tasks 1032-1039: Terminated
srun: error: frontier09261: tasks 7944-7951: Terminated
srun: error: frontier01386: tasks 1200-1207: Terminated
srun: error: frontier07618: tasks 6440-6447: Terminated
srun: error: frontier02354: tasks 2000-2007: Terminated
srun: error: frontier05195: tasks 4304-4311: Terminated
srun: error: frontier04972: tasks 4136-4143: Terminated
srun: error: frontier08482: tasks 7240-7247: Terminated
srun: error: frontier05872: tasks 4936-4943: Terminated
srun: error: frontier00586: tasks 496-503: Terminated
srun: error: frontier06758: tasks 5736-5743: Terminated
srun: error: frontier06111: tasks 5104-5111: Terminated
srun: error: frontier03319: tasks 2800-2807: Terminated
srun: error: frontier09392: tasks 8040-8047: Terminated
srun: error: frontier04342: tasks 3600-3607: Terminated
srun: error: frontier01518: tasks 1296-1303: Terminated
srun: error: frontier06995: tasks 5904-5911: Terminated
srun: error: frontier02426: tasks 2096-2103: Terminated
srun: error: frontier05245: tasks 4400-4407: Terminated
srun: error: frontier07870: tasks 6704-6711: Terminated
srun: error: frontier02677: tasks 2264-2271: Terminated
srun: error: frontier08753: tasks 7504-7511: Terminated
srun: error: frontier06228: tasks 5200-5207: Terminated
srun: error: frontier00853: tasks 760-767: Terminated
srun: error: frontier03703: tasks 3064-3071: Terminated
srun: error: frontier03452: tasks 2896-2903: Terminated
srun: error: frontier04468: tasks 3696-3703: Terminated
srun: error: frontier07122: tasks 6000-6007: Terminated
srun: error: frontier01779: tasks 1560-1567: Terminated
srun: error: frontier04704: tasks 3864-3871: Terminated
srun: error: frontier05360: tasks 4496-4503: Terminated
srun: error: frontier07970: tasks 6800-6807: Terminated
srun: error: frontier08110: tasks 6968-6975: Terminated
srun: error: frontier02797: tasks 2360-2367: Terminated
srun: error: frontier00064: tasks 56-63: Terminated
srun: error: frontier05598: tasks 4664-4671: Terminated
srun: error: frontier08875: tasks 7600-7607: Terminated
srun: error: frontier09012: tasks 7768-7775: Terminated
srun: error: frontier06484: tasks 5464-5471: Terminated
srun: error: frontier03829: tasks 3160-3167: Terminated
srun: error: frontier00971: tasks 856-863: Terminated
srun: error: frontier01218: tasks 1024-1031: Terminated
srun: error: frontier01909: tasks 1656-1663: Terminated
srun: error: frontier04732: tasks 3960-3967: Terminated
srun: error: frontier02163: tasks 1824-1831: Terminated
srun: error: frontier08240: tasks 7064-7071: Terminated
srun: error: frontier02907: tasks 2456-2463: Terminated
srun: error: frontier05716: tasks 4760-4767: Terminated
srun: error: frontier03146: tasks 2624-2631: Terminated
srun: error: frontier05871: tasks 4928-4935: Terminated
srun: error: frontier00347: tasks 320-327: Terminated
srun: error: frontier09139: tasks 7864-7871: Terminated
srun: error: frontier06616: tasks 5560-5567: Terminated
srun: error: frontier01360: tasks 1120-1127: Terminated
srun: error: frontier06757: tasks 5728-5735: Terminated
srun: error: frontier04093: tasks 3424-3431: Terminated
srun: error: frontier07508: tasks 6360-6367: Terminated
srun: error: frontier07641: tasks 6528-6535: Terminated
srun: error: frontier08364: tasks 7160-7167: Terminated
srun: error: frontier05104: tasks 4224-4231: Terminated
srun: error: frontier02285: tasks 1920-1927: Terminated
srun: error: frontier08611: tasks 7328-7335: Terminated
srun: error: frontier05988: tasks 5024-5031: Terminated
srun: error: frontier03261: tasks 2720-2727: Terminated
srun: error: frontier07381: tasks 6264-6271: Terminated
srun: error: frontier00708: tasks 584-591: Terminated
srun: error: frontier00461: tasks 416-423: Terminated
srun: error: frontier01394: tasks 1216-1223: Terminated
srun: error: frontier10159: tasks 8128-8135: Terminated
srun: error: frontier04219: tasks 3520-3527: Terminated
srun: error: frontier01620: tasks 1384-1391: Terminated
srun: error: frontier06881: tasks 5824-5831: Terminated
srun: error: frontier04466: tasks 3688-3695: Terminated
srun: error: frontier05218: tasks 4320-4327: Terminated
srun: error: frontier07767: tasks 6624-6631: Terminated
srun: error: frontier02559: tasks 2184-2191: Terminated
srun: error: frontier05359: tasks 4488-4495: Terminated
srun: error: frontier06114: tasks 5120-5127: Terminated
srun: error: frontier08625: tasks 7424-7431: Terminated
srun: error: frontier00832: tasks 680-687: Terminated
srun: error: frontier06253: tasks 5288-5295: Terminated
srun: error: frontier03566: tasks 2984-2991: Terminated
srun: error: frontier06997: tasks 5920-5927: Terminated
srun: error: frontier07138: tasks 6088-6095: Terminated
srun: error: frontier01748: tasks 1480-1487: Terminated
srun: error: frontier04589: tasks 3784-3791: Terminated
srun: error: frontier02679: tasks 2280-2287: Terminated
srun: error: frontier08096: tasks 6888-6895: Terminated
srun: error: frontier05490: tasks 4584-4591: Terminated
srun: error: frontier02900: tasks 2448-2455: Terminated
srun: error: frontier00186: tasks 144-151: Terminated
srun: error: frontier03707: tasks 3080-3087: Terminated
srun: error: frontier06376: tasks 5384-5391: Terminated
srun: error: frontier08997: tasks 7688-7695: Terminated
srun: error: frontier03937: tasks 3248-3255: Terminated
srun: error: frontier01102: tasks 944-951: Terminated
srun: error: frontier04712: tasks 3880-3887: Terminated
srun: error: frontier07254: tasks 6184-6191: Terminated
srun: error: frontier04852: tasks 4048-4055: Terminated
srun: error: frontier07507: tasks 6352-6359: Terminated
srun: error: frontier02031: tasks 1744-1751: Terminated
srun: error: frontier08112: tasks 6984-6991: Terminated
srun: error: frontier09106: tasks 7784-7791: Terminated
srun: error: frontier08363: tasks 7152-7159: Terminated
srun: error: frontier00321: tasks 240-247: Terminated
srun: error: frontier03026: tasks 2544-2551: Terminated
srun: error: frontier05739: tasks 4848-4855: Terminated
srun: error: frontier06737: tasks 5648-5655: Terminated
srun: error: frontier01223: tasks 1040-1047: Terminated
srun: error: frontier09262: tasks 7952-7959: Terminated
srun: error: frontier04076: tasks 3344-3351: Terminated
srun: error: frontier01387: tasks 1208-1215: Terminated
srun: error: frontier04973: tasks 4144-4151: Terminated
srun: error: frontier02165: tasks 1840-1847: Terminated
srun: error: frontier07627: tasks 6448-6455: Terminated
srun: error: frontier02359: tasks 2008-2015: Terminated
srun: error: frontier05873: tasks 4944-4951: Terminated
srun: error: frontier03180: tasks 2640-2647: Terminated
srun: error: frontier00587: tasks 504-511: Terminated
srun: error: frontier06113: tasks 5112-5119: Terminated
srun: error: frontier03323: tasks 2808-2815: Terminated
srun: error: frontier06759: tasks 5744-5751: Terminated
srun: error: frontier09393: tasks 8048-8055: Terminated
srun: error: frontier06996: tasks 5912-5919: Terminated
srun: error: frontier04343: tasks 3608-3615: Terminated
srun: error: frontier01519: tasks 1304-1311: Terminated
srun: error: frontier07713: tasks 6544-6551: Terminated
srun: error: frontier07871: tasks 6712-6719: Terminated
srun: error: frontier05246: tasks 4408-4415: Terminated
srun: error: frontier02427: tasks 2104-2111: Terminated
srun: error: frontier08613: tasks 7344-7351: Terminated
srun: error: frontier00713: tasks 600-607: Terminated
srun: error: frontier06231: tasks 5208-5215: Terminated
srun: error: frontier03453: tasks 2904-2911: Terminated
srun: error: frontier08754: tasks 7512-7519: Terminated
srun: error: frontier00854: tasks 768-775: Terminated
srun: error: frontier01636: tasks 1400-1407: Terminated
srun: error: frontier04470: tasks 3704-3711: Terminated
srun: error: frontier07123: tasks 6008-6015: Terminated
srun: error: frontier01842: tasks 1568-1575: Terminated
srun: error: frontier08483: tasks 7248-7255: Terminated
srun: error: frontier04705: tasks 3872-3879: Terminated
srun: error: frontier07971: tasks 6808-6815: Terminated
srun: error: frontier05361: tasks 4504-4511: Terminated
srun: error: frontier02801: tasks 2368-2375: Terminated
srun: error: frontier05599: tasks 4672-4679: Terminated
srun: error: frontier00065: tasks 64-71: Terminated
srun: error: frontier06257: tasks 5304-5311: Terminated
srun: error: frontier00972: tasks 864-871: Terminated
srun: error: frontier06485: tasks 5472-5479: Terminated
srun: error: frontier09104: tasks 7776-7783: Terminated
srun: error: frontier02164: tasks 1832-1839: Terminated
srun: error: frontier03830: tasks 3168-3175: Terminated
srun: error: frontier04813: tasks 3968-3975: Terminated
srun: error: frontier07383: tasks 6272-6279: Terminated
srun: error: frontier01918: tasks 1664-1671: Terminated
srun: error: frontier08241: tasks 7072-7079: Terminated
srun: error: frontier02917: tasks 2464-2471: Terminated
srun: error: frontier05726: tasks 4768-4775: Terminated
srun: error: frontier03161: tasks 2632-2639: Terminated
srun: error: frontier00350: tasks 328-335: Terminated
srun: error: frontier03950: tasks 3264-3271: Terminated
srun: error: frontier01364: tasks 1128-1135: Terminated
srun: error: frontier04094: tasks 3432-3439: Terminated
srun: error: frontier06617: tasks 5568-5575: Terminated
srun: error: frontier04854: tasks 4064-4071: Terminated
srun: error: frontier09140: tasks 7872-7879: Terminated
srun: error: frontier07510: tasks 6368-6375: Terminated
srun: error: frontier02287: tasks 1928-1935: Terminated
srun: error: frontier08878: tasks 7608-7615: Terminated
srun: error: frontier05105: tasks 4232-4239: Terminated
srun: error: frontier07642: tasks 6536-6543: Terminated
srun: error: frontier08365: tasks 7168-7175: Terminated
srun: error: frontier05989: tasks 5032-5039: Terminated
srun: error: frontier00462: tasks 424-431: Terminated
srun: error: frontier03280: tasks 2728-2735: Terminated
srun: error: frontier09265: tasks 7968-7975: Terminated
srun: error: frontier08612: tasks 7336-7343: Terminated
srun: error: frontier00712: tasks 592-599: Terminated
srun: error: frontier10160: tasks 8136-8143: Terminated
srun: error: frontier06882: tasks 5832-5839: Terminated
srun: error: frontier04220: tasks 3528-3535: Terminated
srun: error: frontier01395: tasks 1224-1231: Terminated
srun: error: frontier01621: tasks 1392-1399: Terminated
srun: error: frontier07768: tasks 6632-6639: Terminated
srun: error: frontier02397: tasks 2024-2031: Terminated
srun: error: frontier05226: tasks 4328-4335: Terminated
srun: error: frontier06117: tasks 5128-5135: Terminated
srun: error: frontier02560: tasks 2192-2199: Terminated
srun: error: frontier08626: tasks 7432-7439: Terminated
srun: error: frontier03325: tasks 2824-2831: Terminated
srun: error: frontier03567: tasks 2992-2999: Terminated
srun: error: frontier06255: tasks 5296-5303: Terminated
srun: error: frontier00838: tasks 688-695: Terminated
srun: error: frontier06998: tasks 5928-5935: Terminated
srun: error: frontier01749: tasks 1488-1495: Terminated
srun: error: frontier04590: tasks 3792-3799: Terminated
srun: error: frontier07873: tasks 6728-6735: Terminated
srun: error: frontier07194: tasks 6096-6103: Terminated
srun: error: frontier08097: tasks 6896-6903: Terminated
srun: error: frontier05491: tasks 4592-4599: Terminated
srun: error: frontier00188: tasks 152-159: Terminated
srun: error: frontier02683: tasks 2288-2295: Terminated
srun: error: frontier00954: tasks 784-791: Terminated
srun: error: frontier03709: tasks 3088-3095: Terminated
srun: error: frontier06377: tasks 5392-5399: Terminated
srun: error: frontier03949: tasks 3256-3263: Terminated
srun: error: frontier08998: tasks 7696-7703: Terminated
srun: error: frontier01113: tasks 952-959: Terminated
srun: error: frontier04719: tasks 3888-3895: Terminated
srun: error: frontier07255: tasks 6192-6199: Terminated
srun: error: frontier04853: tasks 4056-4063: Terminated
srun: error: frontier02032: tasks 1752-1759: Terminated
srun: error: frontier08228: tasks 6992-6999: Terminated
srun: error: frontier05741: tasks 4856-4863: Terminated
srun: error: frontier03028: tasks 2552-2559: Terminated
srun: error: frontier05601: tasks 4688-4695: Terminated
srun: error: frontier00322: tasks 248-255: Terminated
srun: error: frontier06489: tasks 5488-5495: Terminated
srun: error: frontier09110: tasks 7792-7799: Terminated
srun: error: frontier06744: tasks 5656-5663: Terminated
srun: error: frontier04077: tasks 3352-3359: Terminated
srun: error: frontier09263: tasks 7960-7967: Terminated
srun: error: frontier01225: tasks 1048-1055: Terminated
srun: error: frontier07630: tasks 6456-6463: Terminated
srun: error: frontier04976: tasks 4152-4159: Terminated
srun: error: frontier02169: tasks 1848-1855: Terminated
srun: error: frontier02395: tasks 2016-2023: Terminated
srun: error: frontier05875: tasks 4952-4959: Terminated
srun: error: frontier03181: tasks 2648-2655: Terminated
srun: error: frontier00588: tasks 512-519: Terminated
srun: error: frontier08484: tasks 7256-7263: Terminated
srun: error: frontier09396: tasks 8056-8063: Terminated
srun: error: frontier06760: tasks 5752-5759: Terminated
srun: error: frontier03324: tasks 2816-2823: Terminated
srun: error: frontier04182: tasks 3448-3455: Terminated
srun: error: frontier01521: tasks 1312-1319: Terminated
srun: error: frontier04345: tasks 3616-3623: Terminated
srun: error: frontier07754: tasks 6552-6559: Terminated
srun: error: frontier05109: tasks 4248-4255: Terminated
srun: error: frontier02495: tasks 2112-2119: Terminated
srun: error: frontier07872: tasks 6720-6727: Terminated
srun: error: frontier08614: tasks 7352-7359: Terminated
srun: error: frontier05334: tasks 4416-4423: Terminated
srun: error: frontier06235: tasks 5216-5223: Terminated
srun: error: frontier08756: tasks 7520-7527: Terminated
srun: error: frontier00714: tasks 608-615: Terminated
srun: error: frontier03454: tasks 2912-2919: Terminated
srun: error: frontier04471: tasks 3712-3719: Terminated
srun: error: frontier00859: tasks 776-783: Terminated
srun: error: frontier10163: tasks 8152-8159: Terminated
srun: error: frontier01644: tasks 1408-1415: Terminated
srun: error: frontier07124: tasks 6016-6023: Terminated
srun: error: frontier01866: tasks 1576-1583: Terminated
srun: error: frontier07972: tasks 6816-6823: Terminated
srun: error: frontier02634: tasks 2208-2215: Terminated
srun: error: frontier05362: tasks 4512-4519: Terminated
srun: error: frontier05600: tasks 4680-4687: Terminated
srun: error: frontier00066: tasks 72-79: Terminated
srun: error: frontier08883: tasks 7616-7623: Terminated
srun: error: frontier06350: tasks 5312-5319: Terminated
srun: error: frontier02802: tasks 2376-2383: Terminated
srun: error: frontier06488: tasks 5480-5487: Terminated
srun: error: frontier00973: tasks 872-879: Terminated
srun: error: frontier07211: tasks 6112-6119: Terminated
srun: error: frontier04819: tasks 3976-3983: Terminated
srun: error: frontier03832: tasks 3176-3183: Terminated
srun: error: frontier01920: tasks 1672-1679: Terminated
srun: error: frontier07385: tasks 6280-6287: Terminated
srun: error: frontier08099: tasks 6912-6919: Terminated
srun: error: frontier05727: tasks 4776-4783: Terminated
srun: error: frontier02918: tasks 2472-2479: Terminated
srun: error: frontier00190: tasks 168-175: Terminated
srun: error: frontier08242: tasks 7080-7087: Terminated
srun: error: frontier06618: tasks 5576-5583: Terminated
srun: error: frontier00439: tasks 336-343: Terminated
srun: error: frontier01115: tasks 968-975: Terminated
srun: error: frontier03951: tasks 3272-3279: Terminated
srun: error: frontier01365: tasks 1136-1143: Terminated
srun: error: frontier04111: tasks 3440-3447: Terminated
srun: error: frontier09253: tasks 7880-7887: Terminated
srun: error: frontier04857: tasks 4072-4079: Terminated
srun: error: frontier07511: tasks 6376-6383: Terminated
srun: error: frontier05106: tasks 4240-4247: Terminated
srun: error: frontier02288: tasks 1936-1943: Terminated
srun: error: frontier05846: tasks 4872-4879: Terminated
srun: error: frontier00463: tasks 432-439: Terminated
srun: error: frontier05990: tasks 5040-5047: Terminated
srun: error: frontier03281: tasks 2736-2743: Terminated
srun: error: frontier06748: tasks 5672-5679: Terminated
srun: error: frontier09267: tasks 7976-7983: Terminated
srun: error: frontier10162: tasks 8144-8151: Terminated
srun: error: frontier04221: tasks 3536-3543: Terminated
srun: error: frontier01466: tasks 1232-1239: Terminated
srun: error: frontier07769: tasks 6640-6647: Terminated
srun: error: frontier05231: tasks 4336-4343: Terminated
srun: error: frontier02622: tasks 2200-2207: Terminated
srun: error: frontier02401: tasks 2032-2039: Terminated
srun: error: frontier03414: tasks 2832-2839: Terminated
srun: error: frontier08741: tasks 7440-7447: Terminated
srun: error: frontier06121: tasks 5136-5143: Terminated
srun: error: frontier00840: tasks 696-703: Terminated
srun: error: frontier03575: tasks 3000-3007: Terminated
srun: error: frontier06999: tasks 5936-5943: Terminated
srun: error: frontier08366: tasks 7176-7183: Terminated
srun: error: frontier01750: tasks 1496-1503: Terminated
srun: error: frontier04598: tasks 3800-3807: Terminated
srun: error: frontier07210: tasks 6104-6111: Terminated
srun: error: frontier04347: tasks 3632-3639: Terminated
srun: error: frontier07876: tasks 6736-6743: Terminated
srun: error: frontier02686: tasks 2296-2303: Terminated
srun: error: frontier06884: tasks 5840-5847: Terminated
srun: error: frontier05492: tasks 4600-4607: Terminated
srun: error: frontier08098: tasks 6904-6911: Terminated
srun: error: frontier00189: tasks 160-167: Terminated
srun: error: frontier09000: tasks 7704-7711: Terminated
srun: error: frontier08759: tasks 7536-7543: Terminated
srun: error: frontier06378: tasks 5400-5407: Terminated
srun: error: frontier03710: tasks 3096-3103: Terminated
srun: error: frontier01114: tasks 960-967: Terminated
srun: error: frontier00959: tasks 792-799: Terminated
srun: error: frontier01889: tasks 1592-1599: Terminated
srun: error: frontier07257: tasks 6200-6207: Terminated
srun: error: frontier04720: tasks 3896-3903: Terminated
srun: error: frontier02033: tasks 1760-1767: Terminated
srun: error: frontier05602: tasks 4696-4703: Terminated
srun: error: frontier08229: tasks 7000-7007: Terminated
srun: error: frontier02811: tasks 2392-2399: Terminated
srun: error: frontier05822: tasks 4864-4871: Terminated
srun: error: frontier00323: tasks 256-263: Terminated
srun: error: frontier06490: tasks 5496-5503: Terminated
srun: error: frontier03052: tasks 2560-2567: Terminated
srun: error: frontier09128: tasks 7800-7807: Terminated
srun: error: frontier04079: tasks 3360-3367: Terminated
srun: error: frontier01233: tasks 1056-1063: Terminated
srun: error: frontier06746: tasks 5664-5671: Terminated
srun: error: frontier07387: tasks 6296-6303: Terminated
srun: error: frontier07632: tasks 6464-6471: Terminated
srun: error: frontier02171: tasks 1856-1863: Terminated
srun: error: frontier04978: tasks 4160-4167: Terminated
srun: error: frontier08244: tasks 7096-7103: Terminated
srun: error: frontier05876: tasks 4960-4967: Terminated
srun: error: frontier00441: tasks 352-359: Terminated
srun: error: frontier03182: tasks 2656-2663: Terminated
srun: error: frontier00598: tasks 520-527: Terminated
srun: error: frontier08485: tasks 7264-7271: Terminated
srun: error: frontier01370: tasks 1152-1159: Terminated
srun: error: frontier06861: tasks 5760-5767: Terminated
srun: error: frontier09397: tasks 8064-8071: Terminated
srun: error: frontier04191: tasks 3456-3463: Terminated
srun: error: frontier04346: tasks 3624-3631: Terminated
srun: error: frontier01522: tasks 1320-1327: Terminated
srun: error: frontier07755: tasks 6560-6567: Terminated
srun: error: frontier05110: tasks 4256-4263: Terminated
srun: error: frontier05345: tasks 4424-4431: Terminated
srun: error: frontier08615: tasks 7360-7367: Terminated
srun: error: frontier05993: tasks 5056-5063: Terminated
srun: error: frontier02528: tasks 2120-2127: Terminated
srun: error: frontier08757: tasks 7528-7535: Terminated
srun: error: frontier00719: tasks 616-623: Terminated
srun: error: frontier03455: tasks 2920-2927: Terminated
srun: error: frontier06236: tasks 5224-5231: Terminated
srun: error: frontier10164: tasks 8160-8167: Terminated
srun: error: frontier04472: tasks 3720-3727: Terminated
srun: error: frontier01645: tasks 1416-1423: Terminated
srun: error: frontier07125: tasks 6024-6031: Terminated
srun: error: frontier01886: tasks 1584-1591: Terminated
srun: error: frontier02635: tasks 2216-2223: Terminated
srun: error: frontier07973: tasks 6824-6831: Terminated
srun: error: frontier05363: tasks 4520-4527: Terminated
srun: error: frontier00068: tasks 80-87: Terminated
srun: error: frontier02809: tasks 2384-2391: Terminated
srun: error: frontier03578: tasks 3016-3023: Terminated
srun: error: frontier08884: tasks 7624-7631: Terminated
srun: error: frontier06352: tasks 5320-5327: Terminated
srun: error: frontier00981: tasks 880-887: Terminated
srun: error: frontier03835: tasks 3184-3191: Terminated
srun: error: frontier04601: tasks 3816-3823: Terminated
srun: error: frontier07213: tasks 6120-6127: Terminated
srun: error: frontier04833: tasks 3984-3991: Terminated
srun: error: frontier07386: tasks 6288-6295: Terminated
srun: error: frontier08100: tasks 6920-6927: Terminated
srun: error: frontier01965: tasks 1680-1687: Terminated
srun: error: frontier05729: tasks 4784-4791: Terminated
srun: error: frontier08243: tasks 7088-7095: Terminated
srun: error: frontier00193: tasks 176-183: Terminated
srun: error: frontier02928: tasks 2480-2487: Terminated
srun: error: frontier09004: tasks 7720-7727: Terminated
srun: error: frontier06620: tasks 5584-5591: Terminated
srun: error: frontier03952: tasks 3280-3287: Terminated
srun: error: frontier09254: tasks 7888-7895: Terminated
srun: error: frontier00440: tasks 344-351: Terminated
srun: error: frontier01368: tasks 1144-1151: Terminated
srun: error: frontier01116: tasks 976-983: Terminated
srun: error: frontier07514: tasks 6384-6391: Terminated
srun: error: frontier04909: tasks 4080-4087: Terminated
srun: error: frontier02039: tasks 1776-1783: Terminated
srun: error: frontier02289: tasks 1944-1951: Terminated
srun: error: frontier05860: tasks 4880-4887: Terminated
srun: error: frontier08367: tasks 7184-7191: Terminated
srun: error: frontier03057: tasks 2576-2583: Terminated
srun: error: frontier05991: tasks 5048-5055: Terminated
srun: error: frontier00476: tasks 440-447: Terminated
srun: error: frontier03282: tasks 2744-2751: Terminated
srun: error: frontier09384: tasks 7984-7991: Terminated
srun: error: frontier06749: tasks 5680-5687: Terminated
srun: error: frontier04222: tasks 3544-3551: Terminated
srun: error: frontier01467: tasks 1240-1247: Terminated
srun: error: frontier06885: tasks 5848-5855: Terminated
srun: error: frontier07634: tasks 6480-6487: Terminated
srun: error: frontier07770: tasks 6648-6655: Terminated
srun: error: frontier02409: tasks 2040-2047: Terminated
srun: error: frontier05232: tasks 4344-4351: Terminated
srun: error: frontier03429: tasks 2840-2847: Terminated
srun: error: frontier06122: tasks 5144-5151: Terminated
srun: error: frontier08744: tasks 7448-7455: Terminated
srun: error: frontier00600: tasks 536-543: Terminated
srun: error: frontier03576: tasks 3008-3015: Terminated
srun: error: frontier00842: tasks 704-711: Terminated
srun: error: frontier07000: tasks 5944-5951: Terminated
srun: error: frontier04348: tasks 3640-3647: Terminated
srun: error: frontier01751: tasks 1504-1511: Terminated
srun: error: frontier04599: tasks 3808-3815: Terminated
srun: error: frontier07877: tasks 6744-6751: Terminated
srun: error: frontier05353: tasks 4440-4447: Terminated
srun: error: frontier00044: tasks 0-7: Terminated
srun: error: frontier05493: tasks 4608-4615: Terminated
srun: error: frontier02687: tasks 2304-2311: Terminated
srun: error: frontier08765: tasks 7544-7551: Terminated
srun: error: frontier06239: tasks 5240-5247: Terminated
srun: error: frontier03712: tasks 3104-3111: Terminated
srun: error: frontier06379: tasks 5408-5415: Terminated
srun: error: frontier00961: tasks 800-807: Terminated
srun: error: frontier09002: tasks 7712-7719: Terminated
srun: error: frontier07318: tasks 6208-6215: Terminated
srun: error: frontier04722: tasks 3904-3911: Terminated
srun: error: frontier01890: tasks 1600-1607: Terminated
srun: error: frontier02038: tasks 1768-1775: Terminated
srun: error: frontier02812: tasks 2400-2407: Terminated
srun: error: frontier05606: tasks 4704-4711: Terminated
srun: error: frontier03053: tasks 2568-2575: Terminated
srun: error: frontier06491: tasks 5504-5511: Terminated
srun: error: frontier08230: tasks 7008-7015: Terminated
srun: error: frontier09132: tasks 7808-7815: Terminated
srun: error: frontier00324: tasks 264-271: Terminated
srun: error: frontier01235: tasks 1064-1071: Terminated
srun: error: frontier04082: tasks 3368-3375: Terminated
srun: error: frontier07388: tasks 6304-6311: Terminated
srun: error: frontier04843: tasks 4000-4007: Terminated
srun: error: frontier02172: tasks 1864-1871: Terminated
srun: error: frontier07633: tasks 6472-6479: Terminated
srun: error: frontier04979: tasks 4168-4175: Terminated
srun: error: frontier08349: tasks 7104-7111: Terminated
srun: error: frontier03183: tasks 2664-2671: Terminated
srun: error: frontier00444: tasks 360-367: Terminated
srun: error: frontier05877: tasks 4968-4975: Terminated
srun: error: frontier08486: tasks 7272-7279: Terminated
srun: error: frontier09256: tasks 7904-7911: Terminated
srun: error: frontier09399: tasks 8072-8079: Terminated
srun: error: frontier06862: tasks 5768-5775: Terminated
srun: error: frontier01376: tasks 1160-1167: Terminated
srun: error: frontier04194: tasks 3464-3471: Terminated
srun: error: frontier00599: tasks 528-535: Terminated
srun: error: frontier01527: tasks 1328-1335: Terminated
srun: error: frontier05111: tasks 4264-4271: Terminated
srun: error: frontier02293: tasks 1960-1967: Terminated
srun: error: frontier03837: tasks 3200-3207: Terminated
srun: error: frontier07759: tasks 6568-6575: Terminated
srun: error: frontier05351: tasks 4432-4439: Terminated
srun: error: frontier08616: tasks 7368-7375: Terminated
srun: error: frontier02542: tasks 2128-2135: Terminated
srun: error: frontier05996: tasks 5064-5071: Terminated
srun: error: frontier00720: tasks 624-631: Terminated
srun: error: frontier06238: tasks 5232-5239: Terminated
srun: error: frontier03517: tasks 2928-2935: Terminated
srun: error: frontier06888: tasks 5864-5871: Terminated
srun: error: frontier10165: tasks 8168-8175: Terminated
srun: error: frontier07130: tasks 6032-6039: Terminated
srun: error: frontier04473: tasks 3728-3735: Terminated
srun: error: frontier01646: tasks 1424-1431: Terminated
srun: error: frontier07849: tasks 6664-6671: Terminated
srun: error: frontier05434: tasks 4528-4535: Terminated
srun: error: frontier07975: tasks 6832-6839: Terminated
srun: error: frontier02636: tasks 2224-2231: Terminated
srun: error: frontier00072: tasks 88-95: Terminated
srun: error: frontier00847: tasks 720-727: Terminated
srun: error: frontier06365: tasks 5328-5335: Terminated
srun: error: frontier08885: tasks 7632-7639: Terminated
srun: error: frontier03579: tasks 3024-3031: Terminated
srun: error: frontier00984: tasks 888-895: Terminated
srun: error: frontier03836: tasks 3192-3199: Terminated
srun: error: frontier07234: tasks 6128-6135: Terminated
srun: error: frontier04603: tasks 3824-3831: Terminated
srun: error: frontier04836: tasks 3992-3999: Terminated
srun: error: frontier01991: tasks 1688-1695: Terminated
srun: error: frontier05497: tasks 4624-4631: Terminated
srun: error: frontier08102: tasks 6928-6935: Terminated
srun: error: frontier00200: tasks 184-191: Terminated
srun: error: frontier05732: tasks 4792-4799: Terminated
srun: error: frontier09005: tasks 7728-7735: Terminated
srun: error: frontier02929: tasks 2488-2495: Terminated
srun: error: frontier06472: tasks 5424-5431: Terminated
srun: error: frontier06621: tasks 5592-5599: Terminated
srun: error: frontier01117: tasks 984-991: Terminated
srun: error: frontier03953: tasks 3288-3295: Terminated
srun: error: frontier09255: tasks 7896-7903: Terminated
srun: Force Terminated StepId=4936424.3
[run] done -> /lustre/orion/csc678/scratch/graceli/rccl-frontier/results/N1024_job4936424
