[env] PROJ=csc678 WORK=/lustre/orion/csc678/scratch/graceli/rccl-frontier ROCM=6.2.4
Running "module reset". Resetting modules to system default. The following $MODULEPATH directories have been removed: None
-------------------------------------------------------------------------------
There are messages associated with the following module(s):
-------------------------------------------------------------------------------

DefApps:
   ROCm/5.x modules and HPE/Cray Programming Environment (CPE) versions <=
   23.12 were removed on July 1, 2026. For more information regarding the
   removal, please see https://docs.olcf.ornl.gov/software/software-news.html#frontier-software-changes-july-1-2026

-------------------------------------------------------------------------------


Lmod is automatically replacing "cce/18.0.1" with "amd/6.2.4".


Lmod is automatically replacing "PrgEnv-cray/8.6.0" with "PrgEnv-amd/8.6.0".


Due to MODULEPATH changes, the following have been reloaded:
  1) cray-libsci/24.11.0     2) cray-mpich/8.1.31     3) darshan-runtime/3.4.6-mpi

### model=ddp_bucket_25MiB bytes=26214400 N=64

# OSU MPI-ROCM Allreduce Latency Test v7.5
# Datatype: MPI_INT.
# Size       Avg Latency(us)   Min Latency(us)   Max Latency(us)  Iterations
26214400             2814.05           2634.69           2976.22          30
### model=resnet50_fp32 bytes=102228128 N=64

# OSU MPI-ROCM Allreduce Latency Test v7.5
# Datatype: MPI_INT.
# Size       Avg Latency(us)   Min Latency(us)   Max Latency(us)  Iterations
102228128            7273.65           7023.46           7522.81          30
### model=bert_large_fp16 bytes=680000000 N=64

# OSU MPI-ROCM Allreduce Latency Test v7.5
# Datatype: MPI_INT.
# Size       Avg Latency(us)   Min Latency(us)   Max Latency(us)  Iterations
680000000           25509.70          24359.65          25998.54          30
Running "module reset". Resetting modules to system default. The following $MODULEPATH directories have been removed: None
-------------------------------------------------------------------------------
There are messages associated with the following module(s):
-------------------------------------------------------------------------------

DefApps:
   ROCm/5.x modules and HPE/Cray Programming Environment (CPE) versions <=
   23.12 were removed on July 1, 2026. For more information regarding the
   removal, please see https://docs.olcf.ornl.gov/software/software-news.html#frontier-software-changes-july-1-2026

-------------------------------------------------------------------------------


Activating Modules:
  1) darshan-runtime/3.4.6-mpi

Due to MODULEPATH changes, the following have been reloaded:
  1) cray-libsci/24.11.0


Lmod is automatically replacing "cce/18.0.1" with "amd/6.2.4".


Lmod is automatically replacing "PrgEnv-cray/8.6.0" with "PrgEnv-amd/8.6.0".


Due to MODULEPATH changes, the following have been reloaded:
  1) cray-libsci/24.11.0     2) cray-mpich/8.1.31     3) darshan-runtime/3.4.6-mpi

### model=ddp_bucket_25MiB bytes=26214400 N=64

# OSU MPI-ROCM Allreduce Latency Test v7.5
# Datatype: MPI_INT.
# Size       Avg Latency(us)   Min Latency(us)   Max Latency(us)  Iterations
26214400             3279.22           3255.79           3283.87          30
### model=resnet50_fp32 bytes=102228128 N=64

# OSU MPI-ROCM Allreduce Latency Test v7.5
# Datatype: MPI_INT.
# Size       Avg Latency(us)   Min Latency(us)   Max Latency(us)  Iterations
102228128           11820.95          11817.24          11824.87          30
### model=bert_large_fp16 bytes=680000000 N=64
srun: Step created for StepId=4947038.5

# OSU MPI-ROCM Allreduce Latency Test v7.5
# Datatype: MPI_INT.
# Size       Avg Latency(us)   Min Latency(us)   Max Latency(us)  Iterations
680000000           97646.94          97643.70          97649.94          30
Running "module reset". Resetting modules to system default. The following $MODULEPATH directories have been removed: None
-------------------------------------------------------------------------------
There are messages associated with the following module(s):
-------------------------------------------------------------------------------

DefApps:
   ROCm/5.x modules and HPE/Cray Programming Environment (CPE) versions <=
   23.12 were removed on July 1, 2026. For more information regarding the
   removal, please see https://docs.olcf.ornl.gov/software/software-news.html#frontier-software-changes-july-1-2026

-------------------------------------------------------------------------------


Due to MODULEPATH changes, the following have been reloaded:
  1) cray-libsci/24.11.0     2) cray-mpich/8.1.31     3) darshan-runtime/3.4.6-mpi


Lmod is automatically replacing "cce/18.0.1" with "amd/6.2.4".


Lmod is automatically replacing "PrgEnv-cray/8.6.0" with "PrgEnv-amd/8.6.0".


Due to MODULEPATH changes, the following have been reloaded:
  1) cray-libsci/24.11.0     2) cray-mpich/8.1.31     3) darshan-runtime/3.4.6-mpi

### model=ddp_bucket_25MiB bytes=26214400 N=64

# OSU MPI-ROCM Allreduce Latency Test v7.5
# Datatype: MPI_INT.
# Size       Avg Latency(us)   Min Latency(us)   Max Latency(us)  Iterations
26214400           298121.09         292881.45         305294.13          30
### model=resnet50_fp32 bytes=102228128 N=64

# OSU MPI-ROCM Allreduce Latency Test v7.5
# Datatype: MPI_INT.
# Size       Avg Latency(us)   Min Latency(us)   Max Latency(us)  Iterations
102228128         1239861.34        1220254.15        1262105.67          30
### model=bert_large_fp16 bytes=680000000 N=64

# OSU MPI-ROCM Allreduce Latency Test v7.5
# Datatype: MPI_INT.
# Size       Avg Latency(us)   Min Latency(us)   Max Latency(us)  Iterations
[2026-07-06T10:01:54.023] error: *** STEP 4947038.8 ON frontier00038 CANCELLED AT 2026-07-06T10:01:54 DUE TO TIME LIMIT ***
[2026-07-06T10:01:54.027] error: *** JOB 4947038 ON frontier00038 CANCELLED AT 2026-07-06T10:01:54 DUE TO TIME LIMIT ***
