[env] PROJ=csc678 WORK=/lustre/orion/csc678/scratch/graceli/rccl-frontier ROCM=6.2.4
Running "module reset". Resetting modules to system default. The following $MODULEPATH directories have been removed: None
-------------------------------------------------------------------------------
There are messages associated with the following module(s):
-------------------------------------------------------------------------------

DefApps:
   ROCm/5.x modules and HPE/Cray Programming Environment (CPE) versions <=
   23.12 were removed on July 1, 2026. For more information regarding the
   removal, please see https://docs.olcf.ornl.gov/software/software-news.html#frontier-software-changes-july-1-2026

-------------------------------------------------------------------------------


Activating Modules:
  1) darshan-runtime/3.4.6-mpi

Due to MODULEPATH changes, the following have been reloaded:
  1) cray-libsci/24.11.0


Lmod is automatically replacing "cce/18.0.1" with "amd/6.2.4".


Lmod is automatically replacing "PrgEnv-cray/8.6.0" with "PrgEnv-amd/8.6.0".


Due to MODULEPATH changes, the following have been reloaded:
  1) cray-libsci/24.11.0     2) cray-mpich/8.1.31     3) darshan-runtime/3.4.6-mpi

=== A_mpich_host : N=16 ranks=128 ===

# OSU MPI Allreduce Latency Test v7.5
# Datatype: MPI_INT.
# Size       Avg Latency(us)   Min Latency(us)   Max Latency(us)  Iterations
4                      41.24             36.67             46.74          50
8                      40.98             36.07             47.65          50
16                     41.22             36.24             47.79          50
32                     41.02             36.56             46.87          50
64                     41.54             37.00             47.49          50
128                    43.14             37.78             50.06          50
256                    53.27             49.14             58.25          50
512                    77.75             74.67             80.82          50
1024                   78.22             75.32             81.49          50
2048                   79.82             76.66             82.79          50
4096                   86.89             83.30             90.42          50
8192                   94.14             90.47             98.15          50
16384                 110.45            106.87            116.46          50
32768                 130.06            124.86            134.39          50
65536                 152.86            147.07            158.66          50
131072                194.79            188.73            202.14          50
262144                280.37            268.00            293.65          50
524288                462.82            427.83            482.65          50
1048576               885.60            833.16            960.43          50
2097152              1636.43           1520.23           1807.04          50
4194304              3066.88           2736.68           3432.57          50
8388608              6525.94           5945.97           7025.37          50
16777216            10436.32          10172.23          10811.98          50
33554432            33648.26          32815.76          34694.92          50
Running "module reset". Resetting modules to system default. The following $MODULEPATH directories have been removed: None
-------------------------------------------------------------------------------
There are messages associated with the following module(s):
-------------------------------------------------------------------------------

DefApps:
   ROCm/5.x modules and HPE/Cray Programming Environment (CPE) versions <=
   23.12 were removed on July 1, 2026. For more information regarding the
   removal, please see https://docs.olcf.ornl.gov/software/software-news.html#frontier-software-changes-july-1-2026

-------------------------------------------------------------------------------


Activating Modules:
  1) darshan-runtime/3.4.6-mpi

Due to MODULEPATH changes, the following have been reloaded:
  1) cray-libsci/24.11.0


Lmod is automatically replacing "cce/18.0.1" with "amd/6.2.4".


Lmod is automatically replacing "PrgEnv-cray/8.6.0" with "PrgEnv-amd/8.6.0".


Due to MODULEPATH changes, the following have been reloaded:
  1) cray-libsci/24.11.0     2) cray-mpich/8.1.31     3) darshan-runtime/3.4.6-mpi

=== B_mpich_dev : N=16 ranks=128 ===

# OSU MPI-ROCM Allreduce Latency Test v7.5
# Datatype: MPI_INT.
# Size       Avg Latency(us)   Min Latency(us)   Max Latency(us)  Iterations
4                      63.75             61.27             67.00          50
8                      63.86             60.73             68.48          50
16                     63.47             59.95             66.72          50
32                     63.79             61.33             66.52          50
64                     87.41             84.94             90.72          50
128                    87.41             85.19             90.05          50
256                    88.18             85.94             90.79          50
512                    95.03             91.92             98.55          50
1024                  100.57             98.52            103.71          50
2048                  108.58            105.72            111.60          50
4096                  116.45            114.09            119.14          50
8192                  123.77            121.28            126.90          50
16384                 141.64            138.51            144.99          50
32768                 175.95            172.16            179.71          50
65536                 265.79            259.41            273.37          50
131072                436.96            426.29            445.19          50
262144                769.07            752.91            787.23          50
524288               1397.52           1369.83           1436.49          50
1048576              2719.28           2660.50           2790.68          50
2097152             23855.15          23390.81          24279.76          50
4194304             51540.46          47189.02          56048.55          50
8388608             98489.14          93776.72         104132.69          50
16777216           195230.51         188488.85         200413.78          50
33554432           396081.34         386779.91         403967.39          50
Running "module reset". Resetting modules to system default. The following $MODULEPATH directories have been removed: None
-------------------------------------------------------------------------------
There are messages associated with the following module(s):
-------------------------------------------------------------------------------

DefApps:
   ROCm/5.x modules and HPE/Cray Programming Environment (CPE) versions <=
   23.12 were removed on July 1, 2026. For more information regarding the
   removal, please see https://docs.olcf.ornl.gov/software/software-news.html#frontier-software-changes-july-1-2026

-------------------------------------------------------------------------------


Activating Modules:
  1) darshan-runtime/3.4.6-mpi

Due to MODULEPATH changes, the following have been reloaded:
  1) cray-libsci/24.11.0


Lmod is automatically replacing "cce/18.0.1" with "amd/6.2.4".


Lmod is automatically replacing "PrgEnv-cray/8.6.0" with "PrgEnv-amd/8.6.0".


Due to MODULEPATH changes, the following have been reloaded:
  1) cray-libsci/24.11.0     2) cray-mpich/8.1.31     3) darshan-runtime/3.4.6-mpi

=== C_mpich_rccl : N=16 ranks=128 ===

# OSU MPI-ROCM Allreduce Latency Test v7.5
# Datatype: MPI_INT.
# Size       Avg Latency(us)   Min Latency(us)   Max Latency(us)  Iterations
4                     100.89             73.39            115.18          50
8                      86.45             60.85             99.35          50
16                     73.39             48.59             85.34          50
32                     73.78             48.83             86.02          50
64                     79.50             52.11             92.38          50
128                   115.26             72.61            132.90          50
256                   117.81             73.97            136.57          50
512                   121.39             76.24            140.71          50
1024                  127.15             79.68            147.15          50
2048                  137.46             85.98            159.16          50
4096                  142.42             93.37            161.85          50
8192                  140.83             92.67            160.16          50
16384                 144.97             95.77            163.65          50
32768                 161.39            156.14            168.20          50
65536                 186.40            179.92            192.90          50
131072                232.04            225.10            238.70          50
262144                317.91            311.66            324.59          50
524288                365.60            358.79            371.82          50
1048576               459.40            451.69            467.10          50
2097152               377.31            362.54            394.22          50
4194304               507.13            485.68            532.37          50
8388608               735.59            655.23            821.79          50
16777216              966.80            931.95            994.76          50
33554432             1718.50           1635.50           1875.37          50
67108864             2937.07           2809.24           3046.73          50
134217728            4217.82           4085.45           4517.79          50
268435456            7558.53           7278.87           8616.29          50
536870912           17056.96          16079.91          17386.78          50
1073741824          33407.28          32256.62          34158.32          50
Running "module reset". Resetting modules to system default. The following $MODULEPATH directories have been removed: None
-------------------------------------------------------------------------------
There are messages associated with the following module(s):
-------------------------------------------------------------------------------

DefApps:
   ROCm/5.x modules and HPE/Cray Programming Environment (CPE) versions <=
   23.12 were removed on July 1, 2026. For more information regarding the
   removal, please see https://docs.olcf.ornl.gov/software/software-news.html#frontier-software-changes-july-1-2026

-------------------------------------------------------------------------------


Activating Modules:
  1) darshan-runtime/3.4.6-mpi

Due to MODULEPATH changes, the following have been reloaded:
  1) cray-libsci/24.11.0


Lmod is automatically replacing "cce/18.0.1" with "amd/6.2.4".


Lmod is automatically replacing "PrgEnv-cray/8.6.0" with "PrgEnv-amd/8.6.0".


Due to MODULEPATH changes, the following have been reloaded:
  1) cray-libsci/24.11.0     2) cray-mpich/8.1.31     3) darshan-runtime/3.4.6-mpi

=== D_cray_gpuaware : N=16 ranks=128 ===

# OSU MPI-ROCM Allreduce Latency Test v7.5
# Datatype: MPI_INT.
# Size       Avg Latency(us)   Min Latency(us)   Max Latency(us)  Iterations
4                      24.02             22.43             25.08          50
8                      23.67             22.32             24.51          50
16                     23.42             22.26             24.17          50
32                     23.43             22.70             24.23          50
64                     23.91             23.17             24.52          50
128                    25.11             24.31             26.02          50
256                    43.54             41.97             44.86          50
512                    42.76             41.58             43.75          50
1024                   44.06             42.16             46.65          50
2048                   48.40             46.35             50.66          50
4096                   68.67             67.76             69.78          50
8192                  100.58             98.13            102.30          50
16384                 109.86            108.17            112.04          50
32768                 124.11            122.31            125.99          50
65536                 146.26            144.25            148.42          50
131072                253.84            251.40            256.23          50
262144                267.36            265.05            270.49          50
524288                302.27            300.33            305.58          50
1048576               345.15            343.59            347.52          50
2097152               421.29            419.20            424.17          50
4194304               559.24            557.14            560.88          50
8388608               834.62            828.46            850.00          50
16777216             1680.19           1673.16           1697.85          50
33554432             3375.23           3368.98           3395.60          50
67108864             6821.23           6814.77           6836.99          50
134217728           14013.83          14007.63          14027.03          50
268435456           29357.42          29347.56          29389.81          50
536870912           59404.98          59386.34          59563.41          50
1073741824         113504.20         113498.01         113516.57          50
[run] done -> /lustre/orion/csc678/scratch/graceli/rccl-frontier/results/N16_job4929440
