[env] PROJ=csc678 WORK=/lustre/orion/csc678/scratch/graceli/rccl-frontier ROCM=6.2.4
Running "module reset". Resetting modules to system default. The following $MODULEPATH directories have been removed: None
-------------------------------------------------------------------------------
There are messages associated with the following module(s):
-------------------------------------------------------------------------------

DefApps:
   ROCm/5.x modules and HPE/Cray Programming Environment (CPE) versions <=
   23.12 were removed on July 1, 2026. For more information regarding the
   removal, please see https://docs.olcf.ornl.gov/software/software-news.html#frontier-software-changes-july-1-2026

-------------------------------------------------------------------------------


Activating Modules:
  1) darshan-runtime/3.4.6-mpi

Due to MODULEPATH changes, the following have been reloaded:
  1) cray-libsci/24.11.0


Lmod is automatically replacing "cce/18.0.1" with "amd/6.2.4".


Lmod is automatically replacing "PrgEnv-cray/8.6.0" with "PrgEnv-amd/8.6.0".


Due to MODULEPATH changes, the following have been reloaded:
  1) cray-libsci/24.11.0     2) cray-mpich/8.1.31     3) darshan-runtime/3.4.6-mpi

=== A_mpich_host : N=1 ranks=8 ===

# OSU MPI Allreduce Latency Test v7.5
# Datatype: MPI_INT.
# Size       Avg Latency(us)   Min Latency(us)   Max Latency(us)  Iterations
4                      17.12             13.78             20.40          50
8                      16.88             13.69             20.09          50
16                     16.86             13.63             20.05          50
32                     27.61             25.04             30.19          50
64                     28.48             25.72             31.23          50
128                    28.76             26.03             31.44          50
256                    27.98             25.33             30.60          50
512                    28.58             25.96             31.19          50
1024                   29.30             26.57             32.04          50
2048                   29.26             26.60             31.87          50
4096                   30.41             27.70             33.13          50
8192                   32.50             29.71             35.28          50
16384                  40.24             37.46             42.95          50
32768                  50.21             47.72             52.69          50
65536                  67.70             65.06             70.81          50
131072                 96.09             93.15             99.00          50
262144                155.58            152.00            159.45          50
524288                276.12            272.49            279.67          50
1048576               533.72            522.39            549.77          50
2097152              1068.42           1048.71           1087.48          50
4194304              2083.08           1993.12           2198.23          50
8388608              4221.92           3735.33           4528.23          50
16777216             8123.05           7914.94           8528.24          50
33554432            29579.67          29322.16          29749.24          50
Running "module reset". Resetting modules to system default. The following $MODULEPATH directories have been removed: None
-------------------------------------------------------------------------------
There are messages associated with the following module(s):
-------------------------------------------------------------------------------

DefApps:
   ROCm/5.x modules and HPE/Cray Programming Environment (CPE) versions <=
   23.12 were removed on July 1, 2026. For more information regarding the
   removal, please see https://docs.olcf.ornl.gov/software/software-news.html#frontier-software-changes-july-1-2026

-------------------------------------------------------------------------------


Activating Modules:
  1) darshan-runtime/3.4.6-mpi

Due to MODULEPATH changes, the following have been reloaded:
  1) cray-libsci/24.11.0


Lmod is automatically replacing "cce/18.0.1" with "amd/6.2.4".


Lmod is automatically replacing "PrgEnv-cray/8.6.0" with "PrgEnv-amd/8.6.0".


Due to MODULEPATH changes, the following have been reloaded:
  1) cray-libsci/24.11.0     2) cray-mpich/8.1.31     3) darshan-runtime/3.4.6-mpi

=== B_mpich_dev : N=1 ranks=8 ===

# OSU MPI-ROCM Allreduce Latency Test v7.5
# Datatype: MPI_INT.
# Size       Avg Latency(us)   Min Latency(us)   Max Latency(us)  Iterations
4                      32.04             31.17             33.75          50
8                      31.92             31.11             33.62          50
16                     31.99             31.14             33.66          50
32                     31.94             31.01             33.58          50
64                     31.96             31.03             33.61          50
128                    32.08             31.25             33.80          50
256                    32.10             31.22             33.74          50
512                    32.28             31.40             33.99          50
1024                   33.14             32.30             34.72          50
2048                   33.79             32.89             35.38          50
4096                   37.08             36.20             38.21          50
8192                   40.90             40.40             41.60          50
16384                  56.75             56.28             57.45          50
32768                  84.97             83.68             86.42          50
65536                 150.26            148.62            152.27          50
131072                282.76            280.02            285.88          50
262144                549.19            543.82            554.41          50
524288               1086.89           1076.87           1095.90          50
1048576              2156.58           2137.09           2173.35          50
2097152             10024.45          10023.81          10025.10          50
4194304             20016.86          20016.33          20017.49          50
8388608             40043.53          40042.82          40044.20          50
16777216            80097.22          80096.55          80097.90          50
33554432           160164.83         160164.16         160165.56          50
Running "module reset". Resetting modules to system default. The following $MODULEPATH directories have been removed: None
-------------------------------------------------------------------------------
There are messages associated with the following module(s):
-------------------------------------------------------------------------------

DefApps:
   ROCm/5.x modules and HPE/Cray Programming Environment (CPE) versions <=
   23.12 were removed on July 1, 2026. For more information regarding the
   removal, please see https://docs.olcf.ornl.gov/software/software-news.html#frontier-software-changes-july-1-2026

-------------------------------------------------------------------------------


Activating Modules:
  1) darshan-runtime/3.4.6-mpi

Due to MODULEPATH changes, the following have been reloaded:
  1) cray-libsci/24.11.0


Lmod is automatically replacing "cce/18.0.1" with "amd/6.2.4".


Lmod is automatically replacing "PrgEnv-cray/8.6.0" with "PrgEnv-amd/8.6.0".


Due to MODULEPATH changes, the following have been reloaded:
  1) cray-libsci/24.11.0     2) cray-mpich/8.1.31     3) darshan-runtime/3.4.6-mpi

=== C_mpich_rccl : N=1 ranks=8 ===

# OSU MPI-ROCM Allreduce Latency Test v7.5
# Datatype: MPI_INT.
# Size       Avg Latency(us)   Min Latency(us)   Max Latency(us)  Iterations
4                      60.87             58.32             64.58          50
8                      55.07             52.99             58.04          50
16                     42.84             39.44             45.43          50
32                     42.86             39.52             45.46          50
64                     43.06             39.63             45.61          50
128                    43.20             39.73             45.69          50
256                    43.93             40.44             46.22          50
512                    44.95             41.62             46.85          50
1024                   45.84             42.68             47.83          50
2048                   46.44             43.37             48.80          50
4096                   48.62             45.24             51.70          50
8192                   52.49             48.52             56.31          50
16384                  58.19             55.97             61.33          50
32768                  57.87             55.52             59.97          50
65536                  57.70             55.00             60.16          50
131072                 58.93             56.38             61.41          50
262144                 94.07             91.05             98.56          50
524288                116.23            110.44            121.93          50
1048576               127.22            121.68            132.40          50
2097152               151.36            145.42            156.63          50
4194304               199.25            192.81            205.60          50
8388608               290.99            280.36            301.33          50
16777216              304.82            300.31            309.73          50
33554432              509.16            503.54            516.60          50
67108864              923.59            909.44            942.10          50
134217728            1756.79           1729.49           1798.39          50
268435456            3421.29           3362.47           3506.25          50
536870912            6856.55           6738.45           6983.21          50
1073741824          13734.87          13620.17          13867.92          50
Running "module reset". Resetting modules to system default. The following $MODULEPATH directories have been removed: None
-------------------------------------------------------------------------------
There are messages associated with the following module(s):
-------------------------------------------------------------------------------

DefApps:
   ROCm/5.x modules and HPE/Cray Programming Environment (CPE) versions <=
   23.12 were removed on July 1, 2026. For more information regarding the
   removal, please see https://docs.olcf.ornl.gov/software/software-news.html#frontier-software-changes-july-1-2026

-------------------------------------------------------------------------------


Activating Modules:
  1) darshan-runtime/3.4.6-mpi

Due to MODULEPATH changes, the following have been reloaded:
  1) cray-libsci/24.11.0


Lmod is automatically replacing "cce/18.0.1" with "amd/6.2.4".


Lmod is automatically replacing "PrgEnv-cray/8.6.0" with "PrgEnv-amd/8.6.0".


Due to MODULEPATH changes, the following have been reloaded:
  1) cray-libsci/24.11.0     2) cray-mpich/8.1.31     3) darshan-runtime/3.4.6-mpi

=== D_cray_gpuaware : N=1 ranks=8 ===

# OSU MPI-ROCM Allreduce Latency Test v7.5
# Datatype: MPI_INT.
# Size       Avg Latency(us)   Min Latency(us)   Max Latency(us)  Iterations
4                       2.72              2.61              2.84          50
8                       2.65              2.60              2.67          50
16                      2.50              2.47              2.53          50
32                      2.55              2.53              2.56          50
64                      2.55              2.52              2.60          50
128                     2.65              2.62              2.68          50
256                    12.36             11.89             12.84          50
512                    11.11             10.65             11.53          50
1024                   12.12             11.17             14.00          50
2048                   13.25             12.03             14.18          50
4096                   20.90             20.73             21.22          50
8192                   41.36             40.73             42.10          50
16384                  45.58             44.69             46.59          50
32768                  56.36             55.76             57.52          50
65536                  75.77             75.03             76.70          50
131072                113.72            113.24            114.16          50
262144                120.22            119.58            120.66          50
524288                136.02            135.76            136.39          50
1048576               158.09            157.42            158.67          50
2097152               208.11            207.43            208.78          50
4194304               311.14            310.46            311.72          50
8388608               513.47            512.98            514.02          50
16777216             1029.35           1028.62           1030.06          50
33554432             2059.80           2059.44           2060.17          50
67108864             4128.56           4128.21           4128.86          50
134217728            8281.49           8281.14           8281.84          50
268435456           16627.56          16627.14          16628.03          50
536870912           33221.12          33220.61          33221.61          50
1073741824          66504.32          66503.78          66504.67          50
Running "module reset". Resetting modules to system default. The following $MODULEPATH directories have been removed: None
-------------------------------------------------------------------------------
There are messages associated with the following module(s):
-------------------------------------------------------------------------------

DefApps:
   ROCm/5.x modules and HPE/Cray Programming Environment (CPE) versions <=
   23.12 were removed on July 1, 2026. For more information regarding the
   removal, please see https://docs.olcf.ornl.gov/software/software-news.html#frontier-software-changes-july-1-2026

-------------------------------------------------------------------------------


Due to MODULEPATH changes, the following have been reloaded:
  1) cray-libsci/24.11.0     2) cray-mpich/8.1.31     3) darshan-runtime/3.4.6-mpi


Lmod is automatically replacing "cce/18.0.1" with "amd/6.2.4".


Lmod is automatically replacing "PrgEnv-cray/8.6.0" with "PrgEnv-amd/8.6.0".


Due to MODULEPATH changes, the following have been reloaded:
  1) cray-libsci/24.11.0     2) cray-mpich/8.1.31     3) darshan-runtime/3.4.6-mpi

=== E_rccl_tests : N=1 ===
# Collective test starting: all_reduce_perf
# nThread 1 nGpus 1 minBytes 8 maxBytes 1073741824 step: 2(factor) warmup iters: 10 iters: 50 agg iters: 1 validation: 1 graph: 0
#
rccl-tests: Version develop_deprecated:40b1b17
# Using devices
#  Rank  0 Group  0 Pid 350580 on frontier09084 device  0 [0000:d1:00] AMD Instinct MI250X
#  Rank  1 Group  0 Pid 350581 on frontier09084 device  0 [0000:d6:00] AMD Instinct MI250X
#  Rank  2 Group  0 Pid 350582 on frontier09084 device  0 [0000:c9:00] AMD Instinct MI250X
#  Rank  3 Group  0 Pid 350583 on frontier09084 device  0 [0000:ce:00] AMD Instinct MI250X
#  Rank  4 Group  0 Pid 350584 on frontier09084 device  0 [0000:d9:00] AMD Instinct MI250X
#  Rank  5 Group  0 Pid 350585 on frontier09084 device  0 [0000:de:00] AMD Instinct MI250X
#  Rank  6 Group  0 Pid 350586 on frontier09084 device  0 [0000:c1:00] AMD Instinct MI250X
#  Rank  7 Group  0 Pid 350587 on frontier09084 device  0 [0000:c6:00] AMD Instinct MI250X
#
#                                                              out-of-place                       in-place          
#       size         count      type   redop    root     time   algbw   busbw #wrong     time   algbw   busbw #wrong                               
#        (B)    (elements)                               (us)  (GB/s)  (GB/s)            (us)  (GB/s)  (GB/s)                                      
           8             2     float     sum      -1    33.78    0.00    0.00      0    23.52    0.00    0.00      0
          16             4     float     sum      -1    19.71    0.00    0.00      0    19.67    0.00    0.00      0
          32             8     float     sum      -1    19.78    0.00    0.00      0    19.79    0.00    0.00      0
          64            16     float     sum      -1    19.99    0.00    0.01      0    20.07    0.00    0.01      0
         128            32     float     sum      -1    20.11    0.01    0.01      0    20.21    0.01    0.01      0
         256            64     float     sum      -1    20.98    0.01    0.02      0    20.81    0.01    0.02      0
         512           128     float     sum      -1    21.77    0.02    0.04      0    21.86    0.02    0.04      0
        1024           256     float     sum      -1    22.45    0.05    0.08      0    22.48    0.05    0.08      0
        2048           512     float     sum      -1    23.25    0.09    0.15      0    23.14    0.09    0.15      0
        4096          1024     float     sum      -1    23.52    0.17    0.30      0    23.56    0.17    0.30      0
        8192          2048     float     sum      -1    27.05    0.30    0.53      0    26.89    0.30    0.53      0
       16384          4096     float     sum      -1    34.86    0.47    0.82      0    34.83    0.47    0.82      0
       32768          8192     float     sum      -1    35.24    0.93    1.63      0    35.34    0.93    1.62      0
       65536         16384     float     sum      -1    35.03    1.87    3.27      0    34.97    1.87    3.28      0
      131072         32768     float     sum      -1    35.04    3.74    6.55      0    35.09    3.74    6.54      0
      262144         65536     float     sum      -1    70.04    3.74    6.55      0    69.44    3.78    6.61      0
      524288        131072     float     sum      -1    95.31    5.50    9.63      0    95.26    5.50    9.63      0
     1048576        262144     float     sum      -1    105.2    9.97   17.45      0    105.3    9.96   17.43      0
     2097152        524288     float     sum      -1    129.0   16.26   28.45      0    129.0   16.26   28.45      0
     4194304       1048576     float     sum      -1    176.7   23.73   41.53      0    176.9   23.71   41.50      0
     8388608       2097152     float     sum      -1    274.3   30.58   53.52      0    274.4   30.57   53.50      0
    16777216       4194304     float     sum      -1    285.4   58.78  102.87      0    285.5   58.76  102.82      0
    33554432       8388608     float     sum      -1    498.6   67.30  117.77      0    498.7   67.29  117.75      0
    67108864      16777216     float     sum      -1    928.1   72.30  126.53      0    928.4   72.28  126.49      0
   134217728      33554432     float     sum      -1   1792.7   74.87  131.02      0   1794.8   74.78  130.87      0
   268435456      67108864     float     sum      -1   3526.0   76.13  133.23      0   3529.9   76.05  133.08      0
   536870912     134217728     float     sum      -1   7003.4   76.66  134.15      0   7003.0   76.66  134.16      0
  1073741824     268435456     float     sum      -1    13899   77.25  135.19      0    13902   77.24  135.16      0
# Errors with asterisks indicate errors that have exceeded the maximum threshold.
# Out of bounds values : 0 OK
# Avg bus bandwidth    : 37.5392 
#
# Collective test concluded: all_reduce_perf

[run] done -> /lustre/orion/csc678/scratch/graceli/rccl-frontier/results/N1_job4929428
