[env] PROJ=csc678 WORK=/lustre/orion/csc678/scratch/graceli/rccl-frontier ROCM=6.2.4
=== confirm.sbatch : N=2 ranks=16 size=1048576 ===
Running "module reset". Resetting modules to system default. The following $MODULEPATH directories have been removed: None
-------------------------------------------------------------------------------
There are messages associated with the following module(s):
-------------------------------------------------------------------------------

DefApps:
   ROCm/5.x modules and HPE/Cray Programming Environment (CPE) versions <=
   23.12 were removed on July 1, 2026. For more information regarding the
   removal, please see https://docs.olcf.ornl.gov/software/software-news.html#frontier-software-changes-july-1-2026

-------------------------------------------------------------------------------


Activating Modules:
  1) darshan-runtime/3.4.6-mpi

Due to MODULEPATH changes, the following have been reloaded:
  1) cray-libsci/24.11.0


Lmod is automatically replacing "cce/18.0.1" with "amd/6.2.4".


Lmod is automatically replacing "PrgEnv-cray/8.6.0" with "PrgEnv-amd/8.6.0".


Due to MODULEPATH changes, the following have been reloaded:
  1) cray-libsci/24.11.0     2) cray-mpich/8.1.31     3) darshan-runtime/3.4.6-mpi

[1/2] NCCL_DEBUG for B (expect NO 'RCCL version')
Running "module reset". Resetting modules to system default. The following $MODULEPATH directories have been removed: None
-------------------------------------------------------------------------------
There are messages associated with the following module(s):
-------------------------------------------------------------------------------

DefApps:
   ROCm/5.x modules and HPE/Cray Programming Environment (CPE) versions <=
   23.12 were removed on July 1, 2026. For more information regarding the
   removal, please see https://docs.olcf.ornl.gov/software/software-news.html#frontier-software-changes-july-1-2026

-------------------------------------------------------------------------------


Activating Modules:
  1) darshan-runtime/3.4.6-mpi

Due to MODULEPATH changes, the following have been reloaded:
  1) cray-libsci/24.11.0


Lmod is automatically replacing "cce/18.0.1" with "amd/6.2.4".


Lmod is automatically replacing "PrgEnv-cray/8.6.0" with "PrgEnv-amd/8.6.0".


Due to MODULEPATH changes, the following have been reloaded:
  1) cray-libsci/24.11.0     2) cray-mpich/8.1.31     3) darshan-runtime/3.4.6-mpi

[1/2] NCCL_DEBUG for C (expect 'RCCL version' + OFI/libfabric net)
Running "module reset". Resetting modules to system default. The following $MODULEPATH directories have been removed: None
-------------------------------------------------------------------------------
There are messages associated with the following module(s):
-------------------------------------------------------------------------------

DefApps:
   ROCm/5.x modules and HPE/Cray Programming Environment (CPE) versions <=
   23.12 were removed on July 1, 2026. For more information regarding the
   removal, please see https://docs.olcf.ornl.gov/software/software-news.html#frontier-software-changes-july-1-2026

-------------------------------------------------------------------------------


Activating Modules:
  1) darshan-runtime/3.4.6-mpi

Due to MODULEPATH changes, the following have been reloaded:
  1) cray-libsci/24.11.0


Lmod is automatically replacing "cce/18.0.1" with "amd/6.2.4".


Lmod is automatically replacing "PrgEnv-cray/8.6.0" with "PrgEnv-amd/8.6.0".


Due to MODULEPATH changes, the following have been reloaded:
  1) cray-libsci/24.11.0     2) cray-mpich/8.1.31     3) darshan-runtime/3.4.6-mpi

[2/2] rocprof A (host CPU — expect no GPU kernels)
Running "module reset". Resetting modules to system default. The following $MODULEPATH directories have been removed: None
-------------------------------------------------------------------------------
There are messages associated with the following module(s):
-------------------------------------------------------------------------------

DefApps:
   ROCm/5.x modules and HPE/Cray Programming Environment (CPE) versions <=
   23.12 were removed on July 1, 2026. For more information regarding the
   removal, please see https://docs.olcf.ornl.gov/software/software-news.html#frontier-software-changes-july-1-2026

-------------------------------------------------------------------------------


Activating Modules:
  1) darshan-runtime/3.4.6-mpi

Due to MODULEPATH changes, the following have been reloaded:
  1) cray-libsci/24.11.0


Lmod is automatically replacing "cce/18.0.1" with "amd/6.2.4".


Lmod is automatically replacing "PrgEnv-cray/8.6.0" with "PrgEnv-amd/8.6.0".


Due to MODULEPATH changes, the following have been reloaded:
  1) cray-libsci/24.11.0     2) cray-mpich/8.1.31     3) darshan-runtime/3.4.6-mpi

[2/2] rocprof B (MPICH device path — expect hipMemcpy staging, no nccl)
Running "module reset". Resetting modules to system default. The following $MODULEPATH directories have been removed: None
-------------------------------------------------------------------------------
There are messages associated with the following module(s):
-------------------------------------------------------------------------------

DefApps:
   ROCm/5.x modules and HPE/Cray Programming Environment (CPE) versions <=
   23.12 were removed on July 1, 2026. For more information regarding the
   removal, please see https://docs.olcf.ornl.gov/software/software-news.html#frontier-software-changes-july-1-2026

-------------------------------------------------------------------------------


Activating Modules:
  1) darshan-runtime/3.4.6-mpi

Due to MODULEPATH changes, the following have been reloaded:
  1) cray-libsci/24.11.0


Lmod is automatically replacing "cce/18.0.1" with "amd/6.2.4".


Lmod is automatically replacing "PrgEnv-cray/8.6.0" with "PrgEnv-amd/8.6.0".


Due to MODULEPATH changes, the following have been reloaded:
  1) cray-libsci/24.11.0     2) cray-mpich/8.1.31     3) darshan-runtime/3.4.6-mpi

[2/2] rocprof C (RCCL — expect nccl AllReduce kernels)
Running "module reset". Resetting modules to system default. The following $MODULEPATH directories have been removed: None
-------------------------------------------------------------------------------
There are messages associated with the following module(s):
-------------------------------------------------------------------------------

DefApps:
   ROCm/5.x modules and HPE/Cray Programming Environment (CPE) versions <=
   23.12 were removed on July 1, 2026. For more information regarding the
   removal, please see https://docs.olcf.ornl.gov/software/software-news.html#frontier-software-changes-july-1-2026

-------------------------------------------------------------------------------


Activating Modules:
  1) darshan-runtime/3.4.6-mpi

Due to MODULEPATH changes, the following have been reloaded:
  1) cray-libsci/24.11.0


Lmod is automatically replacing "cce/18.0.1" with "amd/6.2.4".


Lmod is automatically replacing "PrgEnv-cray/8.6.0" with "PrgEnv-amd/8.6.0".


Due to MODULEPATH changes, the following have been reloaded:
  1) cray-libsci/24.11.0     2) cray-mpich/8.1.31     3) darshan-runtime/3.4.6-mpi

[2/2] rocprof D (Cray GPU-aware)
==== CONFIRMATION SUMMARY (job 4929423, size 1048576) ====

-- B should NOT invoke RCCL --
  RCCL banner count (want 0): 0

-- C should invoke RCCL over OFI/CXI --
  RCCL version 2.20.5+hip6.2 HEAD:612add2+
  frontier09286:1461769:1461769 [0] NCCL INFO NET/OFI Initializing aws-ofi-nccl 1.19.2
  frontier09286:1461769:1461769 [0] NCCL INFO NET/OFI Using Libfabric version 2.3
  frontier09286:1461769:1461769 [0] NCCL INFO NET/OFI Using HIP driver version 60241134 with runtime 60241134

-- Kernel-level (rank 0) — grep for nccl / hipMemcpy in *.stats.csv --
  [A]
    (no stats file)
  [B]
    (no stats file)
  [C]
    "ncclDevKernel_Generic(ncclDevComm*, channelMasks, ncclWork*)",7,4877796,696828,99.02831256250434
  [D]
    (no stats file)
[confirm] evidence -> /lustre/orion/csc678/scratch/graceli/grace_suli/frontier/results/confirm_4929423
