[env] PROJ=csc678 WORK=/lustre/orion/csc678/scratch/graceli/rccl-frontier ROCM=6.2.4
Running "module reset". Resetting modules to system default. The following $MODULEPATH directories have been removed: None
-------------------------------------------------------------------------------
There are messages associated with the following module(s):
-------------------------------------------------------------------------------

DefApps:
   ROCm/5.x modules and HPE/Cray Programming Environment (CPE) versions <=
   23.12 were removed on July 1, 2026. For more information regarding the
   removal, please see https://docs.olcf.ornl.gov/software/software-news.html#frontier-software-changes-july-1-2026

-------------------------------------------------------------------------------


Activating Modules:
  1) darshan-runtime/3.4.6-mpi

Due to MODULEPATH changes, the following have been reloaded:
  1) cray-libsci/24.11.0


Lmod is automatically replacing "cce/18.0.1" with "amd/6.2.4".


Lmod is automatically replacing "PrgEnv-cray/8.6.0" with "PrgEnv-amd/8.6.0".


Due to MODULEPATH changes, the following have been reloaded:
  1) cray-libsci/24.11.0     2) cray-mpich/8.1.31     3) darshan-runtime/3.4.6-mpi

=== A_mpich_host : N=8 ranks=64 ===

# OSU MPI Allreduce Latency Test v7.5
# Datatype: MPI_INT.
# Size       Avg Latency(us)   Min Latency(us)   Max Latency(us)  Iterations
4                      37.42             33.19             41.67          50
8                      37.56             33.44             41.90          50
16                     37.64             33.50             42.34          50
32                     37.64             33.59             42.01          50
64                     37.96             33.79             42.43          50
128                    39.09             34.30             44.40          50
256                    68.35             65.29             71.60          50
512                    68.41             65.57             71.57          50
1024                   69.32             66.35             73.10          50
2048                   70.55             67.03             74.03          50
4096                   77.02             73.89             80.55          50
8192                   84.83             81.73             88.88          50
16384                  98.74             95.09            102.71          50
32768                 113.30            107.82            118.19          50
65536                 138.83            133.17            143.90          50
131072                180.21            173.16            188.94          50
262144                270.15            261.33            283.98          50
524288                463.00            440.31            488.90          50
1048576               896.07            840.85            968.12          50
2097152              1597.93           1480.67           1687.67          50
4194304              3315.52           3027.00           3510.52          50
8388608              6319.66           5843.18           6554.55          50
16777216            10612.74          10449.25          10813.94          50
33554432            33402.44          32811.02          34283.41          50
Running "module reset". Resetting modules to system default. The following $MODULEPATH directories have been removed: None
-------------------------------------------------------------------------------
There are messages associated with the following module(s):
-------------------------------------------------------------------------------

DefApps:
   ROCm/5.x modules and HPE/Cray Programming Environment (CPE) versions <=
   23.12 were removed on July 1, 2026. For more information regarding the
   removal, please see https://docs.olcf.ornl.gov/software/software-news.html#frontier-software-changes-july-1-2026

-------------------------------------------------------------------------------


Activating Modules:
  1) darshan-runtime/3.4.6-mpi

Due to MODULEPATH changes, the following have been reloaded:
  1) cray-libsci/24.11.0


Lmod is automatically replacing "cce/18.0.1" with "amd/6.2.4".


Lmod is automatically replacing "PrgEnv-cray/8.6.0" with "PrgEnv-amd/8.6.0".


Due to MODULEPATH changes, the following have been reloaded:
  1) cray-libsci/24.11.0     2) cray-mpich/8.1.31     3) darshan-runtime/3.4.6-mpi

=== B_mpich_dev : N=8 ranks=64 ===

# OSU MPI-ROCM Allreduce Latency Test v7.5
# Datatype: MPI_INT.
# Size       Avg Latency(us)   Min Latency(us)   Max Latency(us)  Iterations
4                      57.61             53.78             62.29          50
8                      57.36             53.82             61.80          50
16                     57.27             54.52             61.03          50
32                     74.57             71.36             78.59          50
64                     74.47             71.60             78.84          50
128                    75.11             71.88             78.80          50
256                    76.17             72.71             79.87          50
512                    82.68             78.85             86.31          50
1024                   88.75             84.73             92.84          50
2048                   95.10             90.86             98.82          50
4096                  100.18             95.93            103.30          50
8192                  107.59            103.21            110.90          50
16384                 127.41            122.20            131.08          50
32768                 158.17            154.36            162.01          50
65536                 246.86            241.67            250.54          50
131072                417.36            407.51            427.07          50
262144                749.85            732.39            766.25          50
524288               1361.86           1331.55           1391.79          50
1048576              2676.78           2615.14           2734.36          50
2097152             23500.56          23104.09          23967.76          50
4194304             48529.19          46929.81          51724.75          50
8388608             94214.69          92291.06          96025.77          50
16777216           190343.53         186911.57         194995.54          50
33554432           391202.03         382612.37         399433.30          50
Running "module reset". Resetting modules to system default. The following $MODULEPATH directories have been removed: None
-------------------------------------------------------------------------------
There are messages associated with the following module(s):
-------------------------------------------------------------------------------

DefApps:
   ROCm/5.x modules and HPE/Cray Programming Environment (CPE) versions <=
   23.12 were removed on July 1, 2026. For more information regarding the
   removal, please see https://docs.olcf.ornl.gov/software/software-news.html#frontier-software-changes-july-1-2026

-------------------------------------------------------------------------------


Activating Modules:
  1) darshan-runtime/3.4.6-mpi

Due to MODULEPATH changes, the following have been reloaded:
  1) cray-libsci/24.11.0


Lmod is automatically replacing "cce/18.0.1" with "amd/6.2.4".


Lmod is automatically replacing "PrgEnv-cray/8.6.0" with "PrgEnv-amd/8.6.0".


Due to MODULEPATH changes, the following have been reloaded:
  1) cray-libsci/24.11.0     2) cray-mpich/8.1.31     3) darshan-runtime/3.4.6-mpi

=== C_mpich_rccl : N=8 ranks=64 ===

# OSU MPI-ROCM Allreduce Latency Test v7.5
# Datatype: MPI_INT.
# Size       Avg Latency(us)   Min Latency(us)   Max Latency(us)  Iterations
4                      86.95             67.07             98.42          50
8                      77.12             58.03             88.01          50
16                     65.40             46.96             76.08          50
32                     65.88             47.28             76.52          50
64                     69.57             49.53             81.02          50
128                    95.98             65.09            111.90          50
256                    98.18             66.48            114.39          50
512                   101.64             68.85            118.31          50
1024                  105.44             71.09            122.65          50
2048                  113.85             76.47            132.14          50
4096                  117.98             83.95            135.21          50
8192                  119.89             85.06            139.51          50
16384                 117.49             83.53            134.91          50
32768                 133.24            128.50            140.90          50
65536                 150.49            146.20            155.46          50
131072                184.64            179.64            189.77          50
262144                251.50            246.08            256.49          50
524288                295.35            288.57            300.20          50
1048576               384.94            378.52            391.30          50
2097152               319.81            307.35            335.74          50
4194304               404.01            383.39            430.50          50
8388608               614.70            554.40            680.64          50
16777216              940.74            914.31            968.40          50
33554432             1395.20           1338.83           1451.23          50
67108864             2600.24           2476.02           2683.82          50
134217728            3758.29           3640.04           3963.46          50
268435456            5761.20           5732.30           5793.41          50
536870912           12593.23          12415.66          12964.35          50
1073741824          25898.67          25418.63          26857.57          50
Running "module reset". Resetting modules to system default. The following $MODULEPATH directories have been removed: None
-------------------------------------------------------------------------------
There are messages associated with the following module(s):
-------------------------------------------------------------------------------

DefApps:
   ROCm/5.x modules and HPE/Cray Programming Environment (CPE) versions <=
   23.12 were removed on July 1, 2026. For more information regarding the
   removal, please see https://docs.olcf.ornl.gov/software/software-news.html#frontier-software-changes-july-1-2026

-------------------------------------------------------------------------------


Activating Modules:
  1) darshan-runtime/3.4.6-mpi

Due to MODULEPATH changes, the following have been reloaded:
  1) cray-libsci/24.11.0


Lmod is automatically replacing "cce/18.0.1" with "amd/6.2.4".


Lmod is automatically replacing "PrgEnv-cray/8.6.0" with "PrgEnv-amd/8.6.0".


Due to MODULEPATH changes, the following have been reloaded:
  1) cray-libsci/24.11.0     2) cray-mpich/8.1.31     3) darshan-runtime/3.4.6-mpi

=== D_cray_gpuaware : N=8 ranks=64 ===

# OSU MPI-ROCM Allreduce Latency Test v7.5
# Datatype: MPI_INT.
# Size       Avg Latency(us)   Min Latency(us)   Max Latency(us)  Iterations
4                      18.13             16.96             19.16          50
8                      18.10             16.87             19.35          50
16                     18.04             16.54             19.57          50
32                     18.05             16.64             19.47          50
64                     18.18             17.29             19.25          50
128                    18.87             18.35             19.63          50
256                    35.16             34.28             36.15          50
512                    34.20             33.05             35.58          50
1024                   35.60             33.74             38.05          50
2048                   38.95             37.62             40.42          50
4096                   58.55             57.50             59.72          50
8192                   87.55             85.89             89.50          50
16384                  97.66             95.59             99.33          50
32768                 107.56            106.11            110.01          50
65536                 129.96            127.77            132.56          50
131072                221.73            219.30            225.51          50
262144                235.52            233.73            237.48          50
524288                266.78            265.11            268.57          50
1048576               309.00            307.85            310.31          50
2097152               383.37            381.05            385.24          50
4194304               509.35            507.12            511.71          50
8388608               789.81            786.96            793.29          50
16777216             1583.60           1580.50           1588.18          50
33554432             3173.45           3170.78           3176.26          50
67108864             6377.12           6374.64           6383.00          50
134217728           12812.10          12807.22          12819.41          50
268435456           26310.56          26307.01          26313.47          50
536870912           54961.67          54959.43          54963.98          50
1073741824         105073.19         104989.70         105207.93          50
Running "module reset". Resetting modules to system default. The following $MODULEPATH directories have been removed: None
-------------------------------------------------------------------------------
There are messages associated with the following module(s):
-------------------------------------------------------------------------------

DefApps:
   ROCm/5.x modules and HPE/Cray Programming Environment (CPE) versions <=
   23.12 were removed on July 1, 2026. For more information regarding the
   removal, please see https://docs.olcf.ornl.gov/software/software-news.html#frontier-software-changes-july-1-2026

-------------------------------------------------------------------------------


Due to MODULEPATH changes, the following have been reloaded:
  1) cray-libsci/24.11.0     2) cray-mpich/8.1.31     3) darshan-runtime/3.4.6-mpi


Lmod is automatically replacing "cce/18.0.1" with "amd/6.2.4".


Lmod is automatically replacing "PrgEnv-cray/8.6.0" with "PrgEnv-amd/8.6.0".


Due to MODULEPATH changes, the following have been reloaded:
  1) cray-libsci/24.11.0     2) cray-mpich/8.1.31     3) darshan-runtime/3.4.6-mpi

=== E_rccl_tests : N=8 ===
# Collective test starting: all_reduce_perf
# nThread 1 nGpus 1 minBytes 8 maxBytes 1073741824 step: 2(factor) warmup iters: 10 iters: 50 agg iters: 1 validation: 1 graph: 0
#
rccl-tests: Version develop_deprecated:40b1b17
# Using devices
#  Rank  0 Group  0 Pid 2935941 on frontier00127 device  0 [0000:d1:00] AMD Instinct MI250X
#  Rank  1 Group  0 Pid 2935942 on frontier00127 device  0 [0000:d6:00] AMD Instinct MI250X
#  Rank  2 Group  0 Pid 2935943 on frontier00127 device  0 [0000:c9:00] AMD Instinct MI250X
#  Rank  3 Group  0 Pid 2935944 on frontier00127 device  0 [0000:ce:00] AMD Instinct MI250X
#  Rank  4 Group  0 Pid 2935945 on frontier00127 device  0 [0000:d9:00] AMD Instinct MI250X
#  Rank  5 Group  0 Pid 2935946 on frontier00127 device  0 [0000:de:00] AMD Instinct MI250X
#  Rank  6 Group  0 Pid 2935947 on frontier00127 device  0 [0000:c1:00] AMD Instinct MI250X
#  Rank  7 Group  0 Pid 2935948 on frontier00127 device  0 [0000:c6:00] AMD Instinct MI250X
#  Rank  8 Group  0 Pid 3046003 on frontier00382 device  0 [0000:d1:00] AMD Instinct MI250X
#  Rank  9 Group  0 Pid 3046004 on frontier00382 device  0 [0000:d6:00] AMD Instinct MI250X
#  Rank 10 Group  0 Pid 3046005 on frontier00382 device  0 [0000:c9:00] AMD Instinct MI250X
#  Rank 11 Group  0 Pid 3046006 on frontier00382 device  0 [0000:ce:00] AMD Instinct MI250X
#  Rank 12 Group  0 Pid 3046007 on frontier00382 device  0 [0000:d9:00] AMD Instinct MI250X
#  Rank 13 Group  0 Pid 3046008 on frontier00382 device  0 [0000:de:00] AMD Instinct MI250X
#  Rank 14 Group  0 Pid 3046009 on frontier00382 device  0 [0000:c1:00] AMD Instinct MI250X
#  Rank 15 Group  0 Pid 3046010 on frontier00382 device  0 [0000:c6:00] AMD Instinct MI250X
#  Rank 16 Group  0 Pid 2620044 on frontier00716 device  0 [0000:d1:00] AMD Instinct MI250X
#  Rank 17 Group  0 Pid 2620045 on frontier00716 device  0 [0000:d6:00] AMD Instinct MI250X
#  Rank 18 Group  0 Pid 2620046 on frontier00716 device  0 [0000:c9:00] AMD Instinct MI250X
#  Rank 19 Group  0 Pid 2620047 on frontier00716 device  0 [0000:ce:00] AMD Instinct MI250X
#  Rank 20 Group  0 Pid 2620048 on frontier00716 device  0 [0000:d9:00] AMD Instinct MI250X
#  Rank 21 Group  0 Pid 2620049 on frontier00716 device  0 [0000:de:00] AMD Instinct MI250X
#  Rank 22 Group  0 Pid 2620050 on frontier00716 device  0 [0000:c1:00] AMD Instinct MI250X
#  Rank 23 Group  0 Pid 2620051 on frontier00716 device  0 [0000:c6:00] AMD Instinct MI250X
#  Rank 24 Group  0 Pid 1824626 on frontier00833 device  0 [0000:d1:00] AMD Instinct MI250X
#  Rank 25 Group  0 Pid 1824627 on frontier00833 device  0 [0000:d6:00] AMD Instinct MI250X
#  Rank 26 Group  0 Pid 1824628 on frontier00833 device  0 [0000:c9:00] AMD Instinct MI250X
#  Rank 27 Group  0 Pid 1824629 on frontier00833 device  0 [0000:ce:00] AMD Instinct MI250X
#  Rank 28 Group  0 Pid 1824630 on frontier00833 device  0 [0000:d9:00] AMD Instinct MI250X
#  Rank 29 Group  0 Pid 1824631 on frontier00833 device  0 [0000:de:00] AMD Instinct MI250X
#  Rank 30 Group  0 Pid 1824632 on frontier00833 device  0 [0000:c1:00] AMD Instinct MI250X
#  Rank 31 Group  0 Pid 1824633 on frontier00833 device  0 [0000:c6:00] AMD Instinct MI250X
#  Rank 32 Group  0 Pid 2251388 on frontier00979 device  0 [0000:d1:00] AMD Instinct MI250X
#  Rank 33 Group  0 Pid 2251389 on frontier00979 device  0 [0000:d6:00] AMD Instinct MI250X
#  Rank 34 Group  0 Pid 2251390 on frontier00979 device  0 [0000:c9:00] AMD Instinct MI250X
#  Rank 35 Group  0 Pid 2251391 on frontier00979 device  0 [0000:ce:00] AMD Instinct MI250X
#  Rank 36 Group  0 Pid 2251392 on frontier00979 device  0 [0000:d9:00] AMD Instinct MI250X
#  Rank 37 Group  0 Pid 2251393 on frontier00979 device  0 [0000:de:00] AMD Instinct MI250X
#  Rank 38 Group  0 Pid 2251394 on frontier00979 device  0 [0000:c1:00] AMD Instinct MI250X
#  Rank 39 Group  0 Pid 2251395 on frontier00979 device  0 [0000:c6:00] AMD Instinct MI250X
#  Rank 40 Group  0 Pid 605927 on frontier01791 device  0 [0000:d1:00] AMD Instinct MI250X
#  Rank 41 Group  0 Pid 605928 on frontier01791 device  0 [0000:d6:00] AMD Instinct MI250X
#  Rank 42 Group  0 Pid 605929 on frontier01791 device  0 [0000:c9:00] AMD Instinct MI250X
#  Rank 43 Group  0 Pid 605930 on frontier01791 device  0 [0000:ce:00] AMD Instinct MI250X
#  Rank 44 Group  0 Pid 605931 on frontier01791 device  0 [0000:d9:00] AMD Instinct MI250X
#  Rank 45 Group  0 Pid 605932 on frontier01791 device  0 [0000:de:00] AMD Instinct MI250X
#  Rank 46 Group  0 Pid 605933 on frontier01791 device  0 [0000:c1:00] AMD Instinct MI250X
#  Rank 47 Group  0 Pid 605934 on frontier01791 device  0 [0000:c6:00] AMD Instinct MI250X
#  Rank 48 Group  0 Pid 1381978 on frontier04922 device  0 [0000:d1:00] AMD Instinct MI250X
#  Rank 49 Group  0 Pid 1381979 on frontier04922 device  0 [0000:d6:00] AMD Instinct MI250X
#  Rank 50 Group  0 Pid 1381980 on frontier04922 device  0 [0000:c9:00] AMD Instinct MI250X
#  Rank 51 Group  0 Pid 1381981 on frontier04922 device  0 [0000:ce:00] AMD Instinct MI250X
#  Rank 52 Group  0 Pid 1381982 on frontier04922 device  0 [0000:d9:00] AMD Instinct MI250X
#  Rank 53 Group  0 Pid 1381983 on frontier04922 device  0 [0000:de:00] AMD Instinct MI250X
#  Rank 54 Group  0 Pid 1381984 on frontier04922 device  0 [0000:c1:00] AMD Instinct MI250X
#  Rank 55 Group  0 Pid 1381985 on frontier04922 device  0 [0000:c6:00] AMD Instinct MI250X
#  Rank 56 Group  0 Pid 3996139 on frontier05950 device  0 [0000:d1:00] AMD Instinct MI250X
#  Rank 57 Group  0 Pid 3996140 on frontier05950 device  0 [0000:d6:00] AMD Instinct MI250X
#  Rank 58 Group  0 Pid 3996141 on frontier05950 device  0 [0000:c9:00] AMD Instinct MI250X
#  Rank 59 Group  0 Pid 3996142 on frontier05950 device  0 [0000:ce:00] AMD Instinct MI250X
#  Rank 60 Group  0 Pid 3996143 on frontier05950 device  0 [0000:d9:00] AMD Instinct MI250X
#  Rank 61 Group  0 Pid 3996144 on frontier05950 device  0 [0000:de:00] AMD Instinct MI250X
#  Rank 62 Group  0 Pid 3996145 on frontier05950 device  0 [0000:c1:00] AMD Instinct MI250X
#  Rank 63 Group  0 Pid 3996146 on frontier05950 device  0 [0000:c6:00] AMD Instinct MI250X
#
#                                                              out-of-place                       in-place          
#       size         count      type   redop    root     time   algbw   busbw #wrong     time   algbw   busbw #wrong                               
#        (B)    (elements)                               (us)  (GB/s)  (GB/s)            (us)  (GB/s)  (GB/s)                                      
           8             2     float     sum      -1    67.64    0.00    0.00      0    59.73    0.00    0.00      0
          16             4     float     sum      -1    56.86    0.00    0.00      0    57.65    0.00    0.00      0
          32             8     float     sum      -1    57.11    0.00    0.00      0    56.65    0.00    0.00      0
          64            16     float     sum      -1    64.26    0.00    0.00      0    62.09    0.00    0.00      0
         128            32     float     sum      -1    91.04    0.00    0.00      0    91.04    0.00    0.00      0
         256            64     float     sum      -1    93.98    0.00    0.01      0    93.65    0.00    0.01      0
         512           128     float     sum      -1    97.93    0.01    0.01      0    97.29    0.01    0.01      0
        1024           256     float     sum      -1    101.8    0.01    0.02      0    101.5    0.01    0.02      0
        2048           512     float     sum      -1    110.4    0.02    0.04      0    110.3    0.02    0.04      0
        4096          1024     float     sum      -1    110.4    0.04    0.07      0    109.6    0.04    0.07      0
        8192          2048     float     sum      -1    108.7    0.08    0.15      0    108.0    0.08    0.15      0
       16384          4096     float     sum      -1    110.9    0.15    0.29      0    110.4    0.15    0.29      0
       32768          8192     float     sum      -1    115.2    0.28    0.56      0    114.0    0.29    0.57      0
       65536         16384     float     sum      -1    133.3    0.49    0.97      0    132.1    0.50    0.98      0
      131072         32768     float     sum      -1    164.6    0.80    1.57      0    164.5    0.80    1.57      0
      262144         65536     float     sum      -1    233.5    1.12    2.21      0    229.9    1.14    2.25      0
      524288        131072     float     sum      -1    272.9    1.92    3.78      0    273.5    1.92    3.77      0
     1048576        262144     float     sum      -1    363.2    2.89    5.68      0    363.7    2.88    5.68      0
     2097152        524288     float     sum      -1    309.1    6.78   13.36      0    307.6    6.82   13.42      0
     4194304       1048576     float     sum      -1    383.9   10.93   21.51      0    383.7   10.93   21.52      0
     8388608       2097152     float     sum      -1    623.8   13.45   26.47      0    731.3   11.47   22.58      0
    16777216       4194304     float     sum      -1    761.0   22.05   43.40      0    804.3   20.86   41.07      0
    33554432       8388608     float     sum      -1   1166.5   28.77   56.63      0   1169.7   28.69   56.48      0
    67108864      16777216     float     sum      -1   2087.3   32.15   63.30      0   2056.1   32.64   64.26      0
   134217728      33554432     float     sum      -1   3779.5   35.51   69.92      0   3867.5   34.70   68.32      0
   268435456      67108864     float     sum      -1   5754.9   46.64   91.83      0   5756.5   46.63   91.81      0
   536870912     134217728     float     sum      -1    12876   41.69   82.09      0    13035   41.19   81.09      0
  1073741824     268435456     float     sum      -1    27278   39.36   77.50      0    27005   39.76   78.28      0
# Errors with asterisks indicate errors that have exceeded the maximum threshold.
# Out of bounds values : 0 OK
# Avg bus bandwidth    : 19.9212 
#
# Collective test concluded: all_reduce_perf

[run] done -> /lustre/orion/csc678/scratch/graceli/rccl-frontier/results/N8_job4929437
