[env] PROJ=csc678 WORK=/lustre/orion/csc678/scratch/graceli/rccl-frontier ROCM=6.2.4
Running "module reset". Resetting modules to system default. The following $MODULEPATH directories have been removed: None
-------------------------------------------------------------------------------
There are messages associated with the following module(s):
-------------------------------------------------------------------------------

DefApps:
   ROCm/5.x modules and HPE/Cray Programming Environment (CPE) versions <=
   23.12 were removed on July 1, 2026. For more information regarding the
   removal, please see https://docs.olcf.ornl.gov/software/software-news.html#frontier-software-changes-july-1-2026

-------------------------------------------------------------------------------


Activating Modules:
  1) darshan-runtime/3.4.6-mpi

Due to MODULEPATH changes, the following have been reloaded:
  1) cray-libsci/24.11.0


Lmod is automatically replacing "cce/18.0.1" with "amd/6.2.4".


Lmod is automatically replacing "PrgEnv-cray/8.6.0" with "PrgEnv-amd/8.6.0".


Due to MODULEPATH changes, the following have been reloaded:
  1) cray-libsci/24.11.0     2) cray-mpich/8.1.31     3) darshan-runtime/3.4.6-mpi

=== A_mpich_host : N=2 ranks=16 ===

# OSU MPI Allreduce Latency Test v7.5
# Datatype: MPI_INT.
# Size       Avg Latency(us)   Min Latency(us)   Max Latency(us)  Iterations
4                      22.41             18.75             25.89          50
8                      22.28             18.83             25.41          50
16                     22.37             17.91             26.51          50
32                     22.33             18.39             26.03          50
64                     37.78             34.51             41.07          50
128                    38.11             35.00             41.35          50
256                    38.09             34.75             41.65          50
512                    38.38             35.27             41.68          50
1024                   39.23             36.19             42.57          50
2048                   41.09             37.95             44.38          50
4096                   43.52             40.12             47.08          50
8192                   45.48             42.14             48.91          50
16384                  54.29             50.98             57.98          50
32768                  67.67             64.65             70.93          50
65536                  97.17             92.24            102.45          50
131072                137.64            133.45            144.40          50
262144                212.60            206.69            219.52          50
524288                386.37            370.76            402.82          50
1048576               730.07            708.58            751.51          50
2097152              1335.01           1248.11           1428.05          50
4194304              2958.59           2769.36           3234.25          50
8388608              6062.19           5782.98           6323.46          50
16777216             9919.39           9299.88          10650.55          50
33554432            32467.05          32169.39          32693.42          50
Running "module reset". Resetting modules to system default. The following $MODULEPATH directories have been removed: None
-------------------------------------------------------------------------------
There are messages associated with the following module(s):
-------------------------------------------------------------------------------

DefApps:
   ROCm/5.x modules and HPE/Cray Programming Environment (CPE) versions <=
   23.12 were removed on July 1, 2026. For more information regarding the
   removal, please see https://docs.olcf.ornl.gov/software/software-news.html#frontier-software-changes-july-1-2026

-------------------------------------------------------------------------------


Activating Modules:
  1) darshan-runtime/3.4.6-mpi

Due to MODULEPATH changes, the following have been reloaded:
  1) cray-libsci/24.11.0


Lmod is automatically replacing "cce/18.0.1" with "amd/6.2.4".


Lmod is automatically replacing "PrgEnv-cray/8.6.0" with "PrgEnv-amd/8.6.0".


Due to MODULEPATH changes, the following have been reloaded:
  1) cray-libsci/24.11.0     2) cray-mpich/8.1.31     3) darshan-runtime/3.4.6-mpi

=== B_mpich_dev : N=2 ranks=16 ===

# OSU MPI-ROCM Allreduce Latency Test v7.5
# Datatype: MPI_INT.
# Size       Avg Latency(us)   Min Latency(us)   Max Latency(us)  Iterations
4                      41.79             39.81             44.90          50
8                      41.25             39.19             44.45          50
16                     45.24             44.21             47.36          50
32                     45.29             44.23             47.44          50
64                     45.29             44.24             47.47          50
128                    45.72             44.68             47.89          50
256                    46.41             45.51             48.40          50
512                    48.70             47.73             50.76          50
1024                   49.98             48.90             52.15          50
2048                   51.17             49.95             53.48          50
4096                   54.69             53.48             57.16          50
8192                   60.77             59.82             62.75          50
16384                  78.58             77.24             81.09          50
32768                 109.21            107.27            112.62          50
65536                 189.70            186.89            192.86          50
131072                342.34            338.12            347.91          50
262144                648.00            639.04            658.68          50
524288               1236.07           1224.40           1249.10          50
1048576              2522.92           2492.73           2554.41          50
2097152             21787.20          21578.46          22017.02          50
4194304             48081.61          44200.96          51985.37          50
8388608             91142.08          88922.77          93383.85          50
16777216           179052.54         177572.30         180554.57          50
33554432           368756.01         363096.40         374438.58          50
Running "module reset". Resetting modules to system default. The following $MODULEPATH directories have been removed: None
-------------------------------------------------------------------------------
There are messages associated with the following module(s):
-------------------------------------------------------------------------------

DefApps:
   ROCm/5.x modules and HPE/Cray Programming Environment (CPE) versions <=
   23.12 were removed on July 1, 2026. For more information regarding the
   removal, please see https://docs.olcf.ornl.gov/software/software-news.html#frontier-software-changes-july-1-2026

-------------------------------------------------------------------------------


Activating Modules:
  1) darshan-runtime/3.4.6-mpi

Due to MODULEPATH changes, the following have been reloaded:
  1) cray-libsci/24.11.0


Lmod is automatically replacing "cce/18.0.1" with "amd/6.2.4".


Lmod is automatically replacing "PrgEnv-cray/8.6.0" with "PrgEnv-amd/8.6.0".


Due to MODULEPATH changes, the following have been reloaded:
  1) cray-libsci/24.11.0     2) cray-mpich/8.1.31     3) darshan-runtime/3.4.6-mpi

=== C_mpich_rccl : N=2 ranks=16 ===

# OSU MPI-ROCM Allreduce Latency Test v7.5
# Datatype: MPI_INT.
# Size       Avg Latency(us)   Min Latency(us)   Max Latency(us)  Iterations
4                      56.45             48.62             62.42          50
8                      50.63             42.96             56.64          50
16                     39.03             31.73             44.90          50
32                     39.06             31.54             45.14          50
64                     40.45             32.79             46.74          50
128                    43.72             34.77             51.38          50
256                    45.13             35.77             53.26          50
512                    46.50             36.58             55.34          50
1024                   48.34             38.28             57.52          50
2048                   51.19             40.94             60.54          50
4096                   56.77             49.02             64.23          50
8192                   57.09             49.85             64.91          50
16384                  55.56             48.91             62.34          50
32768                  62.46             59.67             64.77          50
65536                  68.57             66.38             70.71          50
131072                 80.89             78.62             83.08          50
262144                105.20            102.77            107.08          50
524288                147.85            144.36            152.72          50
1048576               165.20            162.48            169.05          50
2097152               193.06            189.37            196.92          50
4194304               249.85            246.96            254.74          50
8388608               358.79            353.79            365.66          50
16777216              536.08            531.90            542.63          50
33554432              884.61            879.43            891.78          50
67108864             1522.92           1512.58           1539.28          50
134217728            2764.13           2745.44           2779.65          50
268435456            5176.75           5138.99           5208.31          50
536870912           10008.21           9929.91          10073.04          50
1073741824          19168.86          19076.04          19267.82          50
Running "module reset". Resetting modules to system default. The following $MODULEPATH directories have been removed: None
-------------------------------------------------------------------------------
There are messages associated with the following module(s):
-------------------------------------------------------------------------------

DefApps:
   ROCm/5.x modules and HPE/Cray Programming Environment (CPE) versions <=
   23.12 were removed on July 1, 2026. For more information regarding the
   removal, please see https://docs.olcf.ornl.gov/software/software-news.html#frontier-software-changes-july-1-2026

-------------------------------------------------------------------------------


Activating Modules:
  1) darshan-runtime/3.4.6-mpi

Due to MODULEPATH changes, the following have been reloaded:
  1) cray-libsci/24.11.0


Lmod is automatically replacing "cce/18.0.1" with "amd/6.2.4".


Lmod is automatically replacing "PrgEnv-cray/8.6.0" with "PrgEnv-amd/8.6.0".


Due to MODULEPATH changes, the following have been reloaded:
  1) cray-libsci/24.11.0     2) cray-mpich/8.1.31     3) darshan-runtime/3.4.6-mpi

=== D_cray_gpuaware : N=2 ranks=16 ===

# OSU MPI-ROCM Allreduce Latency Test v7.5
# Datatype: MPI_INT.
# Size       Avg Latency(us)   Min Latency(us)   Max Latency(us)  Iterations
4                       6.56              6.29              6.82          50
8                       6.65              6.41              6.91          50
16                      6.36              6.33              6.40          50
32                      6.34              6.30              6.37          50
64                      6.45              6.07              6.82          50
128                     7.34              6.77              7.93          50
256                    16.78             16.04             17.68          50
512                    15.69             14.93             16.39          50
1024                   17.02             15.24             19.51          50
2048                   19.09             17.84             20.04          50
4096                   31.38             30.88             32.13          50
8192                   54.19             53.33             55.01          50
16384                  59.22             58.19             60.15          50
32768                  69.07             68.02             70.01          50
65536                 102.99            101.26            104.70          50
131072                144.07            143.45            144.80          50
262144                156.62            154.83            158.63          50
524288                177.73            176.67            178.78          50
1048576               205.81            204.68            206.77          50
2097152               262.57            261.93            263.33          50
4194304               372.74            371.94            373.53          50
8388608               600.21            599.52            600.77          50
16777216             1202.19           1201.48           1202.73          50
33554432             2403.78           2403.20           2404.43          50
67108864             4808.71           4808.35           4808.95          50
134217728            9706.32           9705.53           9706.88          50
268435456           19397.71          19397.12          19398.25          50
536870912           38763.48          38762.37          38764.29          50
1073741824          77554.59          77554.28          77554.84          50
Running "module reset". Resetting modules to system default. The following $MODULEPATH directories have been removed: None
-------------------------------------------------------------------------------
There are messages associated with the following module(s):
-------------------------------------------------------------------------------

DefApps:
   ROCm/5.x modules and HPE/Cray Programming Environment (CPE) versions <=
   23.12 were removed on July 1, 2026. For more information regarding the
   removal, please see https://docs.olcf.ornl.gov/software/software-news.html#frontier-software-changes-july-1-2026

-------------------------------------------------------------------------------


Due to MODULEPATH changes, the following have been reloaded:
  1) cray-libsci/24.11.0     2) cray-mpich/8.1.31     3) darshan-runtime/3.4.6-mpi


Lmod is automatically replacing "cce/18.0.1" with "amd/6.2.4".


Lmod is automatically replacing "PrgEnv-cray/8.6.0" with "PrgEnv-amd/8.6.0".


Due to MODULEPATH changes, the following have been reloaded:
  1) cray-libsci/24.11.0     2) cray-mpich/8.1.31     3) darshan-runtime/3.4.6-mpi

=== E_rccl_tests : N=2 ===
# Collective test starting: all_reduce_perf
# nThread 1 nGpus 1 minBytes 8 maxBytes 1073741824 step: 2(factor) warmup iters: 10 iters: 50 agg iters: 1 validation: 1 graph: 0
#
rccl-tests: Version develop_deprecated:40b1b17
# Using devices
#  Rank  0 Group  0 Pid 1536546 on frontier08538 device  0 [0000:d1:00] AMD Instinct MI250X
#  Rank  1 Group  0 Pid 1536547 on frontier08538 device  0 [0000:d6:00] AMD Instinct MI250X
#  Rank  2 Group  0 Pid 1536548 on frontier08538 device  0 [0000:c9:00] AMD Instinct MI250X
#  Rank  3 Group  0 Pid 1536549 on frontier08538 device  0 [0000:ce:00] AMD Instinct MI250X
#  Rank  4 Group  0 Pid 1536550 on frontier08538 device  0 [0000:d9:00] AMD Instinct MI250X
#  Rank  5 Group  0 Pid 1536551 on frontier08538 device  0 [0000:de:00] AMD Instinct MI250X
#  Rank  6 Group  0 Pid 1536552 on frontier08538 device  0 [0000:c1:00] AMD Instinct MI250X
#  Rank  7 Group  0 Pid 1536553 on frontier08538 device  0 [0000:c6:00] AMD Instinct MI250X
#  Rank  8 Group  0 Pid 1314437 on frontier08545 device  0 [0000:d1:00] AMD Instinct MI250X
#  Rank  9 Group  0 Pid 1314438 on frontier08545 device  0 [0000:d6:00] AMD Instinct MI250X
#  Rank 10 Group  0 Pid 1314439 on frontier08545 device  0 [0000:c9:00] AMD Instinct MI250X
#  Rank 11 Group  0 Pid 1314440 on frontier08545 device  0 [0000:ce:00] AMD Instinct MI250X
#  Rank 12 Group  0 Pid 1314441 on frontier08545 device  0 [0000:d9:00] AMD Instinct MI250X
#  Rank 13 Group  0 Pid 1314442 on frontier08545 device  0 [0000:de:00] AMD Instinct MI250X
#  Rank 14 Group  0 Pid 1314443 on frontier08545 device  0 [0000:c1:00] AMD Instinct MI250X
#  Rank 15 Group  0 Pid 1314444 on frontier08545 device  0 [0000:c6:00] AMD Instinct MI250X
#
#                                                              out-of-place                       in-place          
#       size         count      type   redop    root     time   algbw   busbw #wrong     time   algbw   busbw #wrong                               
#        (B)    (elements)                               (us)  (GB/s)  (GB/s)            (us)  (GB/s)  (GB/s)                                      
           8             2     float     sum      -1    29.56    0.00    0.00      0    29.86    0.00    0.00      0
          16             4     float     sum      -1    27.94    0.00    0.00      0    27.60    0.00    0.00      0
          32             8     float     sum      -1    27.83    0.00    0.00      0    27.82    0.00    0.00      0
          64            16     float     sum      -1    29.44    0.00    0.00      0    29.42    0.00    0.00      0
         128            32     float     sum      -1    34.33    0.00    0.01      0    34.08    0.00    0.01      0
         256            64     float     sum      -1    36.07    0.01    0.01      0    35.82    0.01    0.01      0
         512           128     float     sum      -1    38.61    0.01    0.02      0    38.56    0.01    0.02      0
        1024           256     float     sum      -1    40.01    0.03    0.05      0    39.83    0.03    0.05      0
        2048           512     float     sum      -1    42.67    0.05    0.09      0    42.66    0.05    0.09      0
        4096          1024     float     sum      -1    42.07    0.10    0.18      0    41.86    0.10    0.18      0
        8192          2048     float     sum      -1    40.12    0.20    0.38      0    39.86    0.21    0.39      0
       16384          4096     float     sum      -1    42.12    0.39    0.73      0    41.92    0.39    0.73      0
       32768          8192     float     sum      -1    45.55    0.72    1.35      0    45.32    0.72    1.36      0
       65536         16384     float     sum      -1    51.77    1.27    2.37      0    52.59    1.25    2.34      0
      131072         32768     float     sum      -1    64.58    2.03    3.81      0    64.83    2.02    3.79      0
      262144         65536     float     sum      -1    85.69    3.06    5.74      0    85.67    3.06    5.74      0
      524288        131072     float     sum      -1    128.6    4.08    7.64      0    127.5    4.11    7.71      0
     1048576        262144     float     sum      -1    144.1    7.27   13.64      0    144.0    7.28   13.65      0
     2097152        524288     float     sum      -1    175.9   11.92   22.35      0    175.5   11.95   22.40      0
     4194304       1048576     float     sum      -1    239.6   17.50   32.82      0    239.7   17.50   32.81      0
     8388608       2097152     float     sum      -1    344.3   24.36   45.68      0    344.9   24.32   45.60      0
    16777216       4194304     float     sum      -1    523.6   32.04   60.08      0    524.2   32.00   60.00      0
    33554432       8388608     float     sum      -1    873.6   38.41   72.02      0    874.9   38.35   71.91      0
    67108864      16777216     float     sum      -1   1514.1   44.32   83.10      0   1515.5   44.28   83.03      0
   134217728      33554432     float     sum      -1   2757.0   48.68   91.28      0   2760.0   48.63   91.18      0
   268435456      67108864     float     sum      -1   5165.6   51.97   97.44      0   5184.1   51.78   97.09      0
   536870912     134217728     float     sum      -1    10007   53.65  100.60      0    10011   53.63  100.56      0
  1073741824     268435456     float     sum      -1    19176   55.99  104.99      0    19172   56.01  105.01      0
# Errors with asterisks indicate errors that have exceeded the maximum threshold.
# Out of bounds values : 0 OK
# Avg bus bandwidth    : 26.6439 
#
# Collective test concluded: all_reduce_perf

[run] done -> /lustre/orion/csc678/scratch/graceli/rccl-frontier/results/N2_job4929430
